{"meta": {"format": 3, "version": "7.14.1", "timestamp": "2026-06-13T17:06:05.854903", "branch_coverage": false, "show_contexts": false}, "files": {"src/homelab_gitops/__init__.py": {"executed_lines": [], "summary": {"covered_lines": 0, "num_statements": 0, "percent_covered": 100.0, "percent_covered_display": "100", "missing_lines": 0, "excluded_lines": 0, "percent_statements_covered": 100.0, "percent_statements_covered_display": "100"}, "missing_lines": [], "excluded_lines": [], "functions": {"": {"executed_lines": [], "summary": {"covered_lines": 0, "num_statements": 0, "percent_covered": 100.0, "percent_covered_display": "100", "missing_lines": 0, "excluded_lines": 0, "percent_statements_covered": 100.0, "percent_statements_covered_display": "100"}, "missing_lines": [], "excluded_lines": [], "start_line": 1}}, "classes": {"": {"executed_lines": [], "summary": {"covered_lines": 0, "num_statements": 0, "percent_covered": 100.0, "percent_covered_display": "100", "missing_lines": 0, "excluded_lines": 0, "percent_statements_covered": 100.0, "percent_statements_covered_display": "100"}, "missing_lines": [], "excluded_lines": [], "start_line": 1}}}, "src/homelab_gitops/cli/__init__.py": {"executed_lines": [3, 5], "summary": {"covered_lines": 2, "num_statements": 2, "percent_covered": 100.0, "percent_covered_display": "100", "missing_lines": 0, "excluded_lines": 0, "percent_statements_covered": 100.0, "percent_statements_covered_display": "100"}, "missing_lines": [], "excluded_lines": [], "functions": {"": {"executed_lines": [3, 5], "summary": {"covered_lines": 2, "num_statements": 2, "percent_covered": 100.0, "percent_covered_display": "100", "missing_lines": 0, "excluded_lines": 0, "percent_statements_covered": 100.0, "percent_statements_covered_display": "100"}, "missing_lines": [], "excluded_lines": [], "start_line": 1}}, "classes": {"": {"executed_lines": [3, 5], "summary": {"covered_lines": 2, "num_statements": 2, "percent_covered": 100.0, "percent_covered_display": "100", "missing_lines": 0, "excluded_lines": 0, "percent_statements_covered": 100.0, "percent_statements_covered_display": "100"}, "missing_lines": [], "excluded_lines": [], "start_line": 1}}}, "src/homelab_gitops/cli/app.py": {"executed_lines": [3, 4, 5, 6, 9, 55, 68], "summary": {"covered_lines": 7, "num_statements": 35, "percent_covered": 20.0, "percent_covered_display": "20", "missing_lines": 28, "excluded_lines": 0, "percent_statements_covered": 20.0, "percent_statements_covered_display": "20"}, "missing_lines": [15, 22, 23, 25, 26, 27, 30, 31, 32, 33, 34, 35, 36, 37, 40, 41, 47, 52, 57, 58, 59, 60, 61, 62, 63, 64, 65, 69], "excluded_lines": [], "functions": {"create_app": {"executed_lines": [], "summary": {"covered_lines": 0, "num_statements": 18, "percent_covered": 0.0, "percent_covered_display": "0", "missing_lines": 18, "excluded_lines": 0, "percent_statements_covered": 0.0, "percent_statements_covered_display": "0"}, "missing_lines": [15, 22, 23, 25, 26, 27, 30, 31, 32, 33, 34, 35, 36, 37, 40, 41, 47, 52], "excluded_lines": [], "start_line": 9}, "main": {"executed_lines": [], "summary": {"covered_lines": 0, "num_statements": 9, "percent_covered": 0.0, "percent_covered_display": "0", "missing_lines": 9, "excluded_lines": 0, "percent_statements_covered": 0.0, "percent_statements_covered_display": "0"}, "missing_lines": [57, 58, 59, 60, 61, 62, 63, 64, 65], "excluded_lines": [], "start_line": 55}, "": {"executed_lines": [3, 4, 5, 6, 9, 55, 68], "summary": {"covered_lines": 7, "num_statements": 8, "percent_covered": 87.5, "percent_covered_display": "88", "missing_lines": 1, "excluded_lines": 0, "percent_statements_covered": 87.5, "percent_statements_covered_display": "88"}, "missing_lines": [69], "excluded_lines": [], "start_line": 1}}, "classes": {"": {"executed_lines": [3, 4, 5, 6, 9, 55, 68], "summary": {"covered_lines": 7, "num_statements": 35, "percent_covered": 20.0, "percent_covered_display": "20", "missing_lines": 28, "excluded_lines": 0, "percent_statements_covered": 20.0, "percent_statements_covered_display": "20"}, "missing_lines": [15, 22, 23, 25, 26, 27, 30, 31, 32, 33, 34, 35, 36, 37, 40, 41, 47, 52, 57, 58, 59, 60, 61, 62, 63, 64, 65, 69], "excluded_lines": [], "start_line": 1}}}, "src/homelab_gitops/cli/core_commands/__init__.py": {"executed_lines": [], "summary": {"covered_lines": 0, "num_statements": 0, "percent_covered": 100.0, "percent_covered_display": "100", "missing_lines": 0, "excluded_lines": 0, "percent_statements_covered": 100.0, "percent_statements_covered_display": "100"}, "missing_lines": [], "excluded_lines": [], "functions": {"": {"executed_lines": [], "summary": {"covered_lines": 0, "num_statements": 0, "percent_covered": 100.0, "percent_covered_display": "100", "missing_lines": 0, "excluded_lines": 0, "percent_statements_covered": 100.0, "percent_statements_covered_display": "100"}, "missing_lines": [], "excluded_lines": [], "start_line": 1}}, "classes": {"": {"executed_lines": [], "summary": {"covered_lines": 0, "num_statements": 0, "percent_covered": 100.0, "percent_covered_display": "100", "missing_lines": 0, "excluded_lines": 0, "percent_statements_covered": 100.0, "percent_statements_covered_display": "100"}, "missing_lines": [], "excluded_lines": [], "start_line": 1}}}, "src/homelab_gitops/cli/core_commands/build.py": {"executed_lines": [], "summary": {"covered_lines": 0, "num_statements": 10, "percent_covered": 0.0, "percent_covered_display": "0", "missing_lines": 10, "excluded_lines": 0, "percent_statements_covered": 0.0, "percent_statements_covered_display": "0"}, "missing_lines": [3, 4, 7, 15, 16, 17, 18, 19, 20, 23], "excluded_lines": [], "functions": {"build_command": {"executed_lines": [], "summary": {"covered_lines": 0, "num_statements": 6, "percent_covered": 0.0, "percent_covered_display": "0", "missing_lines": 6, "excluded_lines": 0, "percent_statements_covered": 0.0, "percent_statements_covered_display": "0"}, "missing_lines": [15, 16, 17, 18, 19, 20], "excluded_lines": [], "start_line": 7}, "": {"executed_lines": [], "summary": {"covered_lines": 0, "num_statements": 4, "percent_covered": 0.0, "percent_covered_display": "0", "missing_lines": 4, "excluded_lines": 0, "percent_statements_covered": 0.0, "percent_statements_covered_display": "0"}, "missing_lines": [3, 4, 7, 23], "excluded_lines": [], "start_line": 1}}, "classes": {"": {"executed_lines": [], "summary": {"covered_lines": 0, "num_statements": 10, "percent_covered": 0.0, "percent_covered_display": "0", "missing_lines": 10, "excluded_lines": 0, "percent_statements_covered": 0.0, "percent_statements_covered_display": "0"}, "missing_lines": [3, 4, 7, 15, 16, 17, 18, 19, 20, 23], "excluded_lines": [], "start_line": 1}}}, "src/homelab_gitops/cli/core_commands/cert.py": {"executed_lines": [], "summary": {"covered_lines": 0, "num_statements": 37, "percent_covered": 0.0, "percent_covered_display": "0", "missing_lines": 37, "excluded_lines": 0, "percent_statements_covered": 0.0, "percent_statements_covered_display": "0"}, "missing_lines": [3, 4, 5, 6, 7, 8, 9, 10, 12, 13, 16, 18, 21, 22, 31, 32, 33, 35, 36, 37, 39, 45, 47, 53, 55, 56, 57, 58, 59, 60, 61, 62, 65, 66, 68, 69, 72], "excluded_lines": [], "functions": {"cert_command": {"executed_lines": [], "summary": {"covered_lines": 0, "num_statements": 1, "percent_covered": 0.0, "percent_covered_display": "0", "missing_lines": 1, "excluded_lines": 0, "percent_statements_covered": 0.0, "percent_statements_covered_display": "0"}, "missing_lines": [18], "excluded_lines": [], "start_line": 16}, "issue_cert": {"executed_lines": [], "summary": {"covered_lines": 0, "num_statements": 18, "percent_covered": 0.0, "percent_covered_display": "0", "missing_lines": 18, "excluded_lines": 0, "percent_statements_covered": 0.0, "percent_statements_covered_display": "0"}, "missing_lines": [31, 32, 33, 35, 36, 37, 39, 45, 47, 53, 55, 56, 57, 58, 59, 60, 61, 62], "excluded_lines": [], "start_line": 22}, "cert_status": {"executed_lines": [], "summary": {"covered_lines": 0, "num_statements": 2, "percent_covered": 0.0, "percent_covered_display": "0", "missing_lines": 2, "excluded_lines": 0, "percent_statements_covered": 0.0, "percent_statements_covered_display": "0"}, "missing_lines": [68, 69], "excluded_lines": [], "start_line": 66}, "": {"executed_lines": [], "summary": {"covered_lines": 0, "num_statements": 16, "percent_covered": 0.0, "percent_covered_display": "0", "missing_lines": 16, "excluded_lines": 0, "percent_statements_covered": 0.0, "percent_statements_covered_display": "0"}, "missing_lines": [3, 4, 5, 6, 7, 8, 9, 10, 12, 13, 16, 21, 22, 65, 66, 72], "excluded_lines": [], "start_line": 1}}, "classes": {"": {"executed_lines": [], "summary": {"covered_lines": 0, "num_statements": 37, "percent_covered": 0.0, "percent_covered_display": "0", "missing_lines": 37, "excluded_lines": 0, "percent_statements_covered": 0.0, "percent_statements_covered_display": "0"}, "missing_lines": [3, 4, 5, 6, 7, 8, 9, 10, 12, 13, 16, 18, 21, 22, 31, 32, 33, 35, 36, 37, 39, 45, 47, 53, 55, 56, 57, 58, 59, 60, 61, 62, 65, 66, 68, 69, 72], "excluded_lines": [], "start_line": 1}}}, "src/homelab_gitops/cli/core_commands/config.py": {"executed_lines": [], "summary": {"covered_lines": 0, "num_statements": 27, "percent_covered": 0.0, "percent_covered_display": "0", "missing_lines": 27, "excluded_lines": 0, "percent_statements_covered": 0.0, "percent_statements_covered_display": "0"}, "missing_lines": [3, 4, 5, 6, 7, 8, 9, 10, 11, 14, 23, 24, 25, 26, 28, 29, 31, 32, 34, 38, 40, 41, 43, 45, 46, 47, 50], "excluded_lines": [], "functions": {"config_command": {"executed_lines": [], "summary": {"covered_lines": 0, "num_statements": 16, "percent_covered": 0.0, "percent_covered_display": "0", "missing_lines": 16, "excluded_lines": 0, "percent_statements_covered": 0.0, "percent_statements_covered_display": "0"}, "missing_lines": [23, 24, 25, 26, 28, 29, 31, 32, 34, 38, 40, 41, 43, 45, 46, 47], "excluded_lines": [], "start_line": 14}, "": {"executed_lines": [], "summary": {"covered_lines": 0, "num_statements": 11, "percent_covered": 0.0, "percent_covered_display": "0", "missing_lines": 11, "excluded_lines": 0, "percent_statements_covered": 0.0, "percent_statements_covered_display": "0"}, "missing_lines": [3, 4, 5, 6, 7, 8, 9, 10, 11, 14, 50], "excluded_lines": [], "start_line": 1}}, "classes": {"": {"executed_lines": [], "summary": {"covered_lines": 0, "num_statements": 27, "percent_covered": 0.0, "percent_covered_display": "0", "missing_lines": 27, "excluded_lines": 0, "percent_statements_covered": 0.0, "percent_statements_covered_display": "0"}, "missing_lines": [3, 4, 5, 6, 7, 8, 9, 10, 11, 14, 23, 24, 25, 26, 28, 29, 31, 32, 34, 38, 40, 41, 43, 45, 46, 47, 50], "excluded_lines": [], "start_line": 1}}}, "src/homelab_gitops/cli/core_commands/deploy.py": {"executed_lines": [], "summary": {"covered_lines": 0, "num_statements": 33, "percent_covered": 0.0, "percent_covered_display": "0", "missing_lines": 33, "excluded_lines": 0, "percent_statements_covered": 0.0, "percent_statements_covered_display": "0"}, "missing_lines": [3, 4, 5, 6, 7, 8, 9, 10, 11, 14, 24, 26, 27, 28, 30, 31, 33, 34, 37, 42, 45, 46, 48, 50, 51, 52, 53, 54, 55, 56, 57, 58, 62], "excluded_lines": [], "functions": {"deploy_command": {"executed_lines": [], "summary": {"covered_lines": 0, "num_statements": 22, "percent_covered": 0.0, "percent_covered_display": "0", "missing_lines": 22, "excluded_lines": 0, "percent_statements_covered": 0.0, "percent_statements_covered_display": "0"}, "missing_lines": [24, 26, 27, 28, 30, 31, 33, 34, 37, 42, 45, 46, 48, 50, 51, 52, 53, 54, 55, 56, 57, 58], "excluded_lines": [], "start_line": 14}, "": {"executed_lines": [], "summary": {"covered_lines": 0, "num_statements": 11, "percent_covered": 0.0, "percent_covered_display": "0", "missing_lines": 11, "excluded_lines": 0, "percent_statements_covered": 0.0, "percent_statements_covered_display": "0"}, "missing_lines": [3, 4, 5, 6, 7, 8, 9, 10, 11, 14, 62], "excluded_lines": [], "start_line": 1}}, "classes": {"": {"executed_lines": [], "summary": {"covered_lines": 0, "num_statements": 33, "percent_covered": 0.0, "percent_covered_display": "0", "missing_lines": 33, "excluded_lines": 0, "percent_statements_covered": 0.0, "percent_statements_covered_display": "0"}, "missing_lines": [3, 4, 5, 6, 7, 8, 9, 10, 11, 14, 24, 26, 27, 28, 30, 31, 33, 34, 37, 42, 45, 46, 48, 50, 51, 52, 53, 54, 55, 56, 57, 58, 62], "excluded_lines": [], "start_line": 1}}}, "src/homelab_gitops/cli/core_commands/destroy.py": {"executed_lines": [], "summary": {"covered_lines": 0, "num_statements": 10, "percent_covered": 0.0, "percent_covered_display": "0", "missing_lines": 10, "excluded_lines": 0, "percent_statements_covered": 0.0, "percent_statements_covered_display": "0"}, "missing_lines": [3, 4, 7, 15, 16, 17, 18, 19, 20, 23], "excluded_lines": [], "functions": {"destroy_command": {"executed_lines": [], "summary": {"covered_lines": 0, "num_statements": 6, "percent_covered": 0.0, "percent_covered_display": "0", "missing_lines": 6, "excluded_lines": 0, "percent_statements_covered": 0.0, "percent_statements_covered_display": "0"}, "missing_lines": [15, 16, 17, 18, 19, 20], "excluded_lines": [], "start_line": 7}, "": {"executed_lines": [], "summary": {"covered_lines": 0, "num_statements": 4, "percent_covered": 0.0, "percent_covered_display": "0", "missing_lines": 4, "excluded_lines": 0, "percent_statements_covered": 0.0, "percent_statements_covered_display": "0"}, "missing_lines": [3, 4, 7, 23], "excluded_lines": [], "start_line": 1}}, "classes": {"": {"executed_lines": [], "summary": {"covered_lines": 0, "num_statements": 10, "percent_covered": 0.0, "percent_covered_display": "0", "missing_lines": 10, "excluded_lines": 0, "percent_statements_covered": 0.0, "percent_statements_covered_display": "0"}, "missing_lines": [3, 4, 7, 15, 16, 17, 18, 19, 20, 23], "excluded_lines": [], "start_line": 1}}}, "src/homelab_gitops/cli/core_commands/dns.py": {"executed_lines": [], "summary": {"covered_lines": 0, "num_statements": 59, "percent_covered": 0.0, "percent_covered_display": "0", "missing_lines": 59, "excluded_lines": 0, "percent_statements_covered": 0.0, "percent_statements_covered_display": "0"}, "missing_lines": [3, 4, 5, 6, 7, 8, 10, 11, 14, 16, 19, 20, 22, 23, 25, 26, 27, 29, 30, 31, 32, 33, 35, 36, 42, 45, 46, 52, 53, 55, 56, 58, 59, 60, 61, 62, 65, 66, 72, 73, 75, 76, 78, 79, 80, 81, 82, 85, 87, 88, 89, 90, 91, 93, 94, 95, 96, 102, 105], "excluded_lines": [], "functions": {"dns_command": {"executed_lines": [], "summary": {"covered_lines": 0, "num_statements": 1, "percent_covered": 0.0, "percent_covered_display": "0", "missing_lines": 1, "excluded_lines": 0, "percent_statements_covered": 0.0, "percent_statements_covered_display": "0"}, "missing_lines": [16], "excluded_lines": [], "start_line": 14}, "list_records": {"executed_lines": [], "summary": {"covered_lines": 0, "num_statements": 13, "percent_covered": 0.0, "percent_covered_display": "0", "missing_lines": 13, "excluded_lines": 0, "percent_statements_covered": 0.0, "percent_statements_covered_display": "0"}, "missing_lines": [22, 23, 25, 26, 27, 29, 30, 31, 32, 33, 35, 36, 42], "excluded_lines": [], "start_line": 20}, "create_record": {"executed_lines": [], "summary": {"covered_lines": 0, "num_statements": 9, "percent_covered": 0.0, "percent_covered_display": "0", "missing_lines": 9, "excluded_lines": 0, "percent_statements_covered": 0.0, "percent_statements_covered_display": "0"}, "missing_lines": [52, 53, 55, 56, 58, 59, 60, 61, 62], "excluded_lines": [], "start_line": 46}, "delete_record": {"executed_lines": [], "summary": {"covered_lines": 0, "num_statements": 9, "percent_covered": 0.0, "percent_covered_display": "0", "missing_lines": 9, "excluded_lines": 0, "percent_statements_covered": 0.0, "percent_statements_covered_display": "0"}, "missing_lines": [72, 73, 75, 76, 78, 79, 80, 81, 82], "excluded_lines": [], "start_line": 66}, "_display_results": {"executed_lines": [], "summary": {"covered_lines": 0, "num_statements": 10, "percent_covered": 0.0, "percent_covered_display": "0", "missing_lines": 10, "excluded_lines": 0, "percent_statements_covered": 0.0, "percent_statements_covered_display": "0"}, "missing_lines": [87, 88, 89, 90, 91, 93, 94, 95, 96, 102], "excluded_lines": [], "start_line": 85}, "": {"executed_lines": [], "summary": {"covered_lines": 0, "num_statements": 17, "percent_covered": 0.0, "percent_covered_display": "0", "missing_lines": 17, "excluded_lines": 0, "percent_statements_covered": 0.0, "percent_statements_covered_display": "0"}, "missing_lines": [3, 4, 5, 6, 7, 8, 10, 11, 14, 19, 20, 45, 46, 65, 66, 85, 105], "excluded_lines": [], "start_line": 1}}, "classes": {"": {"executed_lines": [], "summary": {"covered_lines": 0, "num_statements": 59, "percent_covered": 0.0, "percent_covered_display": "0", "missing_lines": 59, "excluded_lines": 0, "percent_statements_covered": 0.0, "percent_statements_covered_display": "0"}, "missing_lines": [3, 4, 5, 6, 7, 8, 10, 11, 14, 16, 19, 20, 22, 23, 25, 26, 27, 29, 30, 31, 32, 33, 35, 36, 42, 45, 46, 52, 53, 55, 56, 58, 59, 60, 61, 62, 65, 66, 72, 73, 75, 76, 78, 79, 80, 81, 82, 85, 87, 88, 89, 90, 91, 93, 94, 95, 96, 102, 105], "excluded_lines": [], "start_line": 1}}}, "src/homelab_gitops/cli/core_commands/lint.py": {"executed_lines": [], "summary": {"covered_lines": 0, "num_statements": 12, "percent_covered": 0.0, "percent_covered_display": "0", "missing_lines": 12, "excluded_lines": 0, "percent_statements_covered": 0.0, "percent_statements_covered_display": "0"}, "missing_lines": [3, 4, 5, 8, 16, 17, 18, 19, 20, 21, 22, 25], "excluded_lines": [], "functions": {"lint_command": {"executed_lines": [], "summary": {"covered_lines": 0, "num_statements": 7, "percent_covered": 0.0, "percent_covered_display": "0", "missing_lines": 7, "excluded_lines": 0, "percent_statements_covered": 0.0, "percent_statements_covered_display": "0"}, "missing_lines": [16, 17, 18, 19, 20, 21, 22], "excluded_lines": [], "start_line": 8}, "": {"executed_lines": [], "summary": {"covered_lines": 0, "num_statements": 5, "percent_covered": 0.0, "percent_covered_display": "0", "missing_lines": 5, "excluded_lines": 0, "percent_statements_covered": 0.0, "percent_statements_covered_display": "0"}, "missing_lines": [3, 4, 5, 8, 25], "excluded_lines": [], "start_line": 1}}, "classes": {"": {"executed_lines": [], "summary": {"covered_lines": 0, "num_statements": 12, "percent_covered": 0.0, "percent_covered_display": "0", "missing_lines": 12, "excluded_lines": 0, "percent_statements_covered": 0.0, "percent_statements_covered_display": "0"}, "missing_lines": [3, 4, 5, 8, 16, 17, 18, 19, 20, 21, 22, 25], "excluded_lines": [], "start_line": 1}}}, "src/homelab_gitops/cli/core_commands/migrate.py": {"executed_lines": [], "summary": {"covered_lines": 0, "num_statements": 41, "percent_covered": 0.0, "percent_covered_display": "0", "missing_lines": 41, "excluded_lines": 0, "percent_statements_covered": 0.0, "percent_statements_covered_display": "0"}, "missing_lines": [3, 4, 5, 6, 7, 8, 10, 11, 13, 15, 17, 18, 20, 22, 23, 25, 26, 27, 28, 29, 31, 32, 33, 34, 35, 37, 38, 39, 41, 42, 43, 44, 45, 46, 48, 49, 51, 52, 53, 54, 56], "excluded_lines": [], "functions": {"migrate_command": {"executed_lines": [], "summary": {"covered_lines": 0, "num_statements": 1, "percent_covered": 0.0, "percent_covered_display": "0", "missing_lines": 1, "excluded_lines": 0, "percent_statements_covered": 0.0, "percent_statements_covered_display": "0"}, "missing_lines": [15], "excluded_lines": [], "start_line": 13}, "dhcp_migrate": {"executed_lines": [], "summary": {"covered_lines": 0, "num_statements": 22, "percent_covered": 0.0, "percent_covered_display": "0", "missing_lines": 22, "excluded_lines": 0, "percent_statements_covered": 0.0, "percent_statements_covered_display": "0"}, "missing_lines": [20, 22, 23, 25, 26, 27, 28, 29, 31, 32, 33, 34, 35, 37, 38, 39, 41, 42, 43, 44, 45, 46], "excluded_lines": [], "start_line": 18}, "dhcp_rollback": {"executed_lines": [], "summary": {"covered_lines": 0, "num_statements": 4, "percent_covered": 0.0, "percent_covered_display": "0", "missing_lines": 4, "excluded_lines": 0, "percent_statements_covered": 0.0, "percent_statements_covered_display": "0"}, "missing_lines": [51, 52, 53, 54], "excluded_lines": [], "start_line": 49}, "": {"executed_lines": [], "summary": {"covered_lines": 0, "num_statements": 14, "percent_covered": 0.0, "percent_covered_display": "0", "missing_lines": 14, "excluded_lines": 0, "percent_statements_covered": 0.0, "percent_statements_covered_display": "0"}, "missing_lines": [3, 4, 5, 6, 7, 8, 10, 11, 13, 17, 18, 48, 49, 56], "excluded_lines": [], "start_line": 1}}, "classes": {"": {"executed_lines": [], "summary": {"covered_lines": 0, "num_statements": 41, "percent_covered": 0.0, "percent_covered_display": "0", "missing_lines": 41, "excluded_lines": 0, "percent_statements_covered": 0.0, "percent_statements_covered_display": "0"}, "missing_lines": [3, 4, 5, 6, 7, 8, 10, 11, 13, 15, 17, 18, 20, 22, 23, 25, 26, 27, 28, 29, 31, 32, 33, 34, 35, 37, 38, 39, 41, 42, 43, 44, 45, 46, 48, 49, 51, 52, 53, 54, 56], "excluded_lines": [], "start_line": 1}}}, "src/homelab_gitops/cli/core_commands/opnsense.py": {"executed_lines": [], "summary": {"covered_lines": 0, "num_statements": 49, "percent_covered": 0.0, "percent_covered_display": "0", "missing_lines": 49, "excluded_lines": 0, "percent_statements_covered": 0.0, "percent_statements_covered_display": "0"}, "missing_lines": [3, 4, 5, 6, 7, 11, 14, 15, 17, 18, 20, 25, 26, 28, 29, 30, 32, 33, 34, 35, 36, 37, 39, 40, 47, 48, 49, 50, 53, 54, 56, 57, 58, 63, 64, 66, 67, 68, 70, 71, 72, 73, 75, 76, 81, 82, 83, 84, 88], "excluded_lines": [], "functions": {"list_rules": {"executed_lines": [], "summary": {"covered_lines": 0, "num_statements": 20, "percent_covered": 0.0, "percent_covered_display": "0", "missing_lines": 20, "excluded_lines": 0, "percent_statements_covered": 0.0, "percent_statements_covered_display": "0"}, "missing_lines": [17, 18, 20, 25, 26, 28, 29, 30, 32, 33, 34, 35, 36, 37, 39, 40, 47, 48, 49, 50], "excluded_lines": [], "start_line": 15}, "list_vlans": {"executed_lines": [], "summary": {"covered_lines": 0, "num_statements": 18, "percent_covered": 0.0, "percent_covered_display": "0", "missing_lines": 18, "excluded_lines": 0, "percent_statements_covered": 0.0, "percent_statements_covered_display": "0"}, "missing_lines": [56, 57, 58, 63, 64, 66, 67, 68, 70, 71, 72, 73, 75, 76, 81, 82, 83, 84], "excluded_lines": [], "start_line": 54}, "": {"executed_lines": [], "summary": {"covered_lines": 0, "num_statements": 11, "percent_covered": 0.0, "percent_covered_display": "0", "missing_lines": 11, "excluded_lines": 0, "percent_statements_covered": 0.0, "percent_statements_covered_display": "0"}, "missing_lines": [3, 4, 5, 6, 7, 11, 14, 15, 53, 54, 88], "excluded_lines": [], "start_line": 1}}, "classes": {"": {"executed_lines": [], "summary": {"covered_lines": 0, "num_statements": 49, "percent_covered": 0.0, "percent_covered_display": "0", "missing_lines": 49, "excluded_lines": 0, "percent_statements_covered": 0.0, "percent_statements_covered_display": "0"}, "missing_lines": [3, 4, 5, 6, 7, 11, 14, 15, 17, 18, 20, 25, 26, 28, 29, 30, 32, 33, 34, 35, 36, 37, 39, 40, 47, 48, 49, 50, 53, 54, 56, 57, 58, 63, 64, 66, 67, 68, 70, 71, 72, 73, 75, 76, 81, 82, 83, 84, 88], "excluded_lines": [], "start_line": 1}}}, "src/homelab_gitops/cli/core_commands/status.py": {"executed_lines": [], "summary": {"covered_lines": 0, "num_statements": 10, "percent_covered": 0.0, "percent_covered_display": "0", "missing_lines": 10, "excluded_lines": 0, "percent_statements_covered": 0.0, "percent_statements_covered_display": "0"}, "missing_lines": [3, 4, 7, 15, 16, 17, 18, 19, 20, 23], "excluded_lines": [], "functions": {"status_command": {"executed_lines": [], "summary": {"covered_lines": 0, "num_statements": 6, "percent_covered": 0.0, "percent_covered_display": "0", "missing_lines": 6, "excluded_lines": 0, "percent_statements_covered": 0.0, "percent_statements_covered_display": "0"}, "missing_lines": [15, 16, 17, 18, 19, 20], "excluded_lines": [], "start_line": 7}, "": {"executed_lines": [], "summary": {"covered_lines": 0, "num_statements": 4, "percent_covered": 0.0, "percent_covered_display": "0", "missing_lines": 4, "excluded_lines": 0, "percent_statements_covered": 0.0, "percent_statements_covered_display": "0"}, "missing_lines": [3, 4, 7, 23], "excluded_lines": [], "start_line": 1}}, "classes": {"": {"executed_lines": [], "summary": {"covered_lines": 0, "num_statements": 10, "percent_covered": 0.0, "percent_covered_display": "0", "missing_lines": 10, "excluded_lines": 0, "percent_statements_covered": 0.0, "percent_statements_covered_display": "0"}, "missing_lines": [3, 4, 7, 15, 16, 17, 18, 19, 20, 23], "excluded_lines": [], "start_line": 1}}}, "src/homelab_gitops/cli/core_commands/test.py": {"executed_lines": [], "summary": {"covered_lines": 0, "num_statements": 10, "percent_covered": 0.0, "percent_covered_display": "0", "missing_lines": 10, "excluded_lines": 0, "percent_statements_covered": 0.0, "percent_statements_covered_display": "0"}, "missing_lines": [3, 4, 7, 15, 16, 17, 18, 19, 20, 23], "excluded_lines": [], "functions": {"test_command": {"executed_lines": [], "summary": {"covered_lines": 0, "num_statements": 6, "percent_covered": 0.0, "percent_covered_display": "0", "missing_lines": 6, "excluded_lines": 0, "percent_statements_covered": 0.0, "percent_statements_covered_display": "0"}, "missing_lines": [15, 16, 17, 18, 19, 20], "excluded_lines": [], "start_line": 7}, "": {"executed_lines": [], "summary": {"covered_lines": 0, "num_statements": 4, "percent_covered": 0.0, "percent_covered_display": "0", "missing_lines": 4, "excluded_lines": 0, "percent_statements_covered": 0.0, "percent_statements_covered_display": "0"}, "missing_lines": [3, 4, 7, 23], "excluded_lines": [], "start_line": 1}}, "classes": {"": {"executed_lines": [], "summary": {"covered_lines": 0, "num_statements": 10, "percent_covered": 0.0, "percent_covered_display": "0", "missing_lines": 10, "excluded_lines": 0, "percent_statements_covered": 0.0, "percent_statements_covered_display": "0"}, "missing_lines": [3, 4, 7, 15, 16, 17, 18, 19, 20, 23], "excluded_lines": [], "start_line": 1}}}, "src/homelab_gitops/cli/exceptions.py": {"executed_lines": [4, 6, 9, 11, 14, 16], "summary": {"covered_lines": 6, "num_statements": 6, "percent_covered": 100.0, "percent_covered_display": "100", "missing_lines": 0, "excluded_lines": 0, "percent_statements_covered": 100.0, "percent_statements_covered_display": "100"}, "missing_lines": [], "excluded_lines": [], "functions": {"": {"executed_lines": [4, 6, 9, 11, 14, 16], "summary": {"covered_lines": 6, "num_statements": 6, "percent_covered": 100.0, "percent_covered_display": "100", "missing_lines": 0, "excluded_lines": 0, "percent_statements_covered": 100.0, "percent_statements_covered_display": "100"}, "missing_lines": [], "excluded_lines": [], "start_line": 1}}, "classes": {"CLIError": {"executed_lines": [], "summary": {"covered_lines": 0, "num_statements": 0, "percent_covered": 100.0, "percent_covered_display": "100", "missing_lines": 0, "excluded_lines": 0, "percent_statements_covered": 100.0, "percent_statements_covered_display": "100"}, "missing_lines": [], "excluded_lines": [], "start_line": 4}, "CommandError": {"executed_lines": [], "summary": {"covered_lines": 0, "num_statements": 0, "percent_covered": 100.0, "percent_covered_display": "100", "missing_lines": 0, "excluded_lines": 0, "percent_statements_covered": 100.0, "percent_statements_covered_display": "100"}, "missing_lines": [], "excluded_lines": [], "start_line": 9}, "ArgumentError": {"executed_lines": [], "summary": {"covered_lines": 0, "num_statements": 0, "percent_covered": 100.0, "percent_covered_display": "100", "missing_lines": 0, "excluded_lines": 0, "percent_statements_covered": 100.0, "percent_statements_covered_display": "100"}, "missing_lines": [], "excluded_lines": [], "start_line": 14}, "": {"executed_lines": [4, 6, 9, 11, 14, 16], "summary": {"covered_lines": 6, "num_statements": 6, "percent_covered": 100.0, "percent_covered_display": "100", "missing_lines": 0, "excluded_lines": 0, "percent_statements_covered": 100.0, "percent_statements_covered_display": "100"}, "missing_lines": [], "excluded_lines": [], "start_line": 1}}}, "src/homelab_gitops/cli/plugin_loader.py": {"executed_lines": [3, 4, 5, 6, 7, 10, 13, 19, 21, 27, 29, 30, 31, 37, 38, 41, 42, 43, 44, 45, 46], "summary": {"covered_lines": 21, "num_statements": 33, "percent_covered": 63.63636363636363, "percent_covered_display": "64", "missing_lines": 12, "excluded_lines": 0, "percent_statements_covered": 63.63636363636363, "percent_statements_covered_display": "64"}, "missing_lines": [32, 33, 34, 39, 47, 48, 49, 52, 55, 56, 58, 68], "excluded_lines": [], "functions": {"PluginLoader.__init__": {"executed_lines": [19], "summary": {"covered_lines": 1, "num_statements": 1, "percent_covered": 100.0, "percent_covered_display": "100", "missing_lines": 0, "excluded_lines": 0, "percent_statements_covered": 100.0, "percent_statements_covered_display": "100"}, "missing_lines": [], "excluded_lines": [], "start_line": 13}, "PluginLoader.load_plugins": {"executed_lines": [27, 29, 30, 31, 37, 38, 41, 42, 43, 44, 45, 46], "summary": {"covered_lines": 12, "num_statements": 24, "percent_covered": 50.0, "percent_covered_display": "50", "missing_lines": 12, "excluded_lines": 0, "percent_statements_covered": 50.0, "percent_statements_covered_display": "50"}, "missing_lines": [32, 33, 34, 39, 47, 48, 49, 52, 55, 56, 58, 68], "excluded_lines": [], "start_line": 21}, "": {"executed_lines": [3, 4, 5, 6, 7, 10, 13, 21], "summary": {"covered_lines": 8, "num_statements": 8, "percent_covered": 100.0, "percent_covered_display": "100", "missing_lines": 0, "excluded_lines": 0, "percent_statements_covered": 100.0, "percent_statements_covered_display": "100"}, "missing_lines": [], "excluded_lines": [], "start_line": 1}}, "classes": {"PluginLoader": {"executed_lines": [19, 27, 29, 30, 31, 37, 38, 41, 42, 43, 44, 45, 46], "summary": {"covered_lines": 13, "num_statements": 25, "percent_covered": 52.0, "percent_covered_display": "52", "missing_lines": 12, "excluded_lines": 0, "percent_statements_covered": 52.0, "percent_statements_covered_display": "52"}, "missing_lines": [32, 33, 34, 39, 47, 48, 49, 52, 55, 56, 58, 68], "excluded_lines": [], "start_line": 10}, "": {"executed_lines": [3, 4, 5, 6, 7, 10, 13, 21], "summary": {"covered_lines": 8, "num_statements": 8, "percent_covered": 100.0, "percent_covered_display": "100", "missing_lines": 0, "excluded_lines": 0, "percent_statements_covered": 100.0, "percent_statements_covered_display": "100"}, "missing_lines": [], "excluded_lines": [], "start_line": 1}}}, "src/homelab_gitops/cli/utils.py": {"executed_lines": [3, 5, 8, 13, 18], "summary": {"covered_lines": 5, "num_statements": 8, "percent_covered": 62.5, "percent_covered_display": "62", "missing_lines": 3, "excluded_lines": 0, "percent_statements_covered": 62.5, "percent_statements_covered_display": "62"}, "missing_lines": [10, 15, 20], "excluded_lines": [], "functions": {"print_success": {"executed_lines": [], "summary": {"covered_lines": 0, "num_statements": 1, "percent_covered": 0.0, "percent_covered_display": "0", "missing_lines": 1, "excluded_lines": 0, "percent_statements_covered": 0.0, "percent_statements_covered_display": "0"}, "missing_lines": [10], "excluded_lines": [], "start_line": 8}, "print_error": {"executed_lines": [], "summary": {"covered_lines": 0, "num_statements": 1, "percent_covered": 0.0, "percent_covered_display": "0", "missing_lines": 1, "excluded_lines": 0, "percent_statements_covered": 0.0, "percent_statements_covered_display": "0"}, "missing_lines": [15], "excluded_lines": [], "start_line": 13}, "print_info": {"executed_lines": [], "summary": {"covered_lines": 0, "num_statements": 1, "percent_covered": 0.0, "percent_covered_display": "0", "missing_lines": 1, "excluded_lines": 0, "percent_statements_covered": 0.0, "percent_statements_covered_display": "0"}, "missing_lines": [20], "excluded_lines": [], "start_line": 18}, "": {"executed_lines": [3, 5, 8, 13, 18], "summary": {"covered_lines": 5, "num_statements": 5, "percent_covered": 100.0, "percent_covered_display": "100", "missing_lines": 0, "excluded_lines": 0, "percent_statements_covered": 100.0, "percent_statements_covered_display": "100"}, "missing_lines": [], "excluded_lines": [], "start_line": 1}}, "classes": {"": {"executed_lines": [3, 5, 8, 13, 18], "summary": {"covered_lines": 5, "num_statements": 8, "percent_covered": 62.5, "percent_covered_display": "62", "missing_lines": 3, "excluded_lines": 0, "percent_statements_covered": 62.5, "percent_statements_covered_display": "62"}, "missing_lines": [10, 15, 20], "excluded_lines": [], "start_line": 1}}}, "src/homelab_gitops/domain/__init__.py": {"executed_lines": [1, 2, 4], "summary": {"covered_lines": 3, "num_statements": 3, "percent_covered": 100.0, "percent_covered_display": "100", "missing_lines": 0, "excluded_lines": 0, "percent_statements_covered": 100.0, "percent_statements_covered_display": "100"}, "missing_lines": [], "excluded_lines": [], "functions": {"": {"executed_lines": [1, 2, 4], "summary": {"covered_lines": 3, "num_statements": 3, "percent_covered": 100.0, "percent_covered_display": "100", "missing_lines": 0, "excluded_lines": 0, "percent_statements_covered": 100.0, "percent_statements_covered_display": "100"}, "missing_lines": [], "excluded_lines": [], "start_line": 1}}, "classes": {"": {"executed_lines": [1, 2, 4], "summary": {"covered_lines": 3, "num_statements": 3, "percent_covered": 100.0, "percent_covered_display": "100", "missing_lines": 0, "excluded_lines": 0, "percent_statements_covered": 100.0, "percent_statements_covered_display": "100"}, "missing_lines": [], "excluded_lines": [], "start_line": 1}}}, "src/homelab_gitops/domain/certificate.py": {"executed_lines": [3, 4, 5, 7, 8, 9, 10, 12, 19, 21, 24, 37, 38, 39, 42, 49, 59, 62, 63, 67, 74, 75, 78, 79, 83, 84, 85, 89, 91, 92, 106, 108, 109, 110, 113, 114, 121, 123, 124, 127, 128, 129, 131, 135, 136, 137], "summary": {"covered_lines": 46, "num_statements": 48, "percent_covered": 95.83333333333333, "percent_covered_display": "96", "missing_lines": 2, "excluded_lines": 4, "percent_statements_covered": 95.83333333333333, "percent_statements_covered_display": "96"}, "missing_lines": [149, 150], "excluded_lines": [14, 15, 16, 17], "functions": {"CertificateService.__init__": {"executed_lines": [37, 38, 39, 42], "summary": {"covered_lines": 4, "num_statements": 4, "percent_covered": 100.0, "percent_covered_display": "100", "missing_lines": 0, "excluded_lines": 0, "percent_statements_covered": 100.0, "percent_statements_covered_display": "100"}, "missing_lines": [], "excluded_lines": [], "start_line": 24}, "CertificateService.issue_certificate": {"executed_lines": [59, 62, 63, 67, 74, 75, 78, 79, 83, 84, 85, 89, 91, 92, 106, 108, 109, 110, 113, 114, 121, 123, 124, 127, 128, 129, 131, 135, 136, 137], "summary": {"covered_lines": 30, "num_statements": 32, "percent_covered": 93.75, "percent_covered_display": "94", "missing_lines": 2, "excluded_lines": 0, "percent_statements_covered": 93.75, "percent_statements_covered_display": "94"}, "missing_lines": [149, 150], "excluded_lines": [], "start_line": 49}, "": {"executed_lines": [3, 4, 5, 7, 8, 9, 10, 12, 19, 21, 24, 49], "summary": {"covered_lines": 12, "num_statements": 12, "percent_covered": 100.0, "percent_covered_display": "100", "missing_lines": 0, "excluded_lines": 4, "percent_statements_covered": 100.0, "percent_statements_covered_display": "100"}, "missing_lines": [], "excluded_lines": [14, 15, 16, 17], "start_line": 1}}, "classes": {"CertificateService": {"executed_lines": [37, 38, 39, 42, 59, 62, 63, 67, 74, 75, 78, 79, 83, 84, 85, 89, 91, 92, 106, 108, 109, 110, 113, 114, 121, 123, 124, 127, 128, 129, 131, 135, 136, 137], "summary": {"covered_lines": 34, "num_statements": 36, "percent_covered": 94.44444444444444, "percent_covered_display": "94", "missing_lines": 2, "excluded_lines": 0, "percent_statements_covered": 94.44444444444444, "percent_statements_covered_display": "94"}, "missing_lines": [149, 150], "excluded_lines": [], "start_line": 21}, "": {"executed_lines": [3, 4, 5, 7, 8, 9, 10, 12, 19, 21, 24, 49], "summary": {"covered_lines": 12, "num_statements": 12, "percent_covered": 100.0, "percent_covered_display": "100", "missing_lines": 0, "excluded_lines": 4, "percent_statements_covered": 100.0, "percent_statements_covered_display": "100"}, "missing_lines": [], "excluded_lines": [14, 15, 16, 17], "start_line": 1}}}, "src/homelab_gitops/domain/dns.py": {"executed_lines": [3, 4, 5, 6, 8, 11, 14, 20, 21, 23, 34, 35, 36, 39, 56, 57, 70, 71, 74, 75, 76, 77, 78, 90, 94, 96, 107, 108, 109, 112, 127, 128, 131, 132, 143, 146, 147, 148, 149, 150, 161, 165, 167, 180, 181, 183, 187, 189, 204, 244, 251, 252, 253, 254, 255, 257, 258, 260, 261, 263, 264, 266, 267, 270, 271, 274, 276, 277, 278], "summary": {"covered_lines": 69, "num_statements": 83, "percent_covered": 83.13253012048193, "percent_covered_display": "83", "missing_lines": 14, "excluded_lines": 0, "percent_statements_covered": 83.13253012048193, "percent_statements_covered_display": "83"}, "missing_lines": [91, 92, 162, 163, 184, 198, 199, 202, 214, 230, 239, 240, 241, 242], "excluded_lines": [], "functions": {"DNSService.__init__": {"executed_lines": [20, 21], "summary": {"covered_lines": 2, "num_statements": 2, "percent_covered": 100.0, "percent_covered_display": "100", "missing_lines": 0, "excluded_lines": 0, "percent_statements_covered": 100.0, "percent_statements_covered_display": "100"}, "missing_lines": [], "excluded_lines": [], "start_line": 14}, "DNSService.provision_manual": {"executed_lines": [34, 35, 36, 39, 56, 57, 70, 71, 74, 75, 76, 77, 78, 90, 94], "summary": {"covered_lines": 15, "num_statements": 17, "percent_covered": 88.23529411764706, "percent_covered_display": "88", "missing_lines": 2, "excluded_lines": 0, "percent_statements_covered": 88.23529411764706, "percent_statements_covered_display": "88"}, "missing_lines": [91, 92], "excluded_lines": [], "start_line": 23}, "DNSService.deprovision_manual": {"executed_lines": [107, 108, 109, 112, 127, 128, 131, 132, 143, 146, 147, 148, 149, 150, 161, 165], "summary": {"covered_lines": 16, "num_statements": 18, "percent_covered": 88.88888888888889, "percent_covered_display": "89", "missing_lines": 2, "excluded_lines": 0, "percent_statements_covered": 88.88888888888889, "percent_statements_covered_display": "89"}, "missing_lines": [162, 163], "excluded_lines": [], "start_line": 96}, "DNSService.provision_record": {"executed_lines": [180, 181, 183, 187], "summary": {"covered_lines": 4, "num_statements": 5, "percent_covered": 80.0, "percent_covered_display": "80", "missing_lines": 1, "excluded_lines": 0, "percent_statements_covered": 80.0, "percent_statements_covered_display": "80"}, "missing_lines": [184], "excluded_lines": [], "start_line": 167}, "DNSService.deprovision_record": {"executed_lines": [], "summary": {"covered_lines": 0, "num_statements": 3, "percent_covered": 0.0, "percent_covered_display": "0", "missing_lines": 3, "excluded_lines": 0, "percent_statements_covered": 0.0, "percent_statements_covered_display": "0"}, "missing_lines": [198, 199, 202], "excluded_lines": [], "start_line": 189}, "DNSService.list_records": {"executed_lines": [], "summary": {"covered_lines": 0, "num_statements": 6, "percent_covered": 0.0, "percent_covered_display": "0", "missing_lines": 6, "excluded_lines": 0, "percent_statements_covered": 0.0, "percent_statements_covered_display": "0"}, "missing_lines": [214, 230, 239, 240, 241, 242], "excluded_lines": [], "start_line": 204}, "DNSService._calculate_ptr": {"executed_lines": [251, 252, 253, 254, 255, 257, 258, 260, 261, 263, 264, 266, 267, 270, 271, 274, 276, 277, 278], "summary": {"covered_lines": 19, "num_statements": 19, "percent_covered": 100.0, "percent_covered_display": "100", "missing_lines": 0, "excluded_lines": 0, "percent_statements_covered": 100.0, "percent_statements_covered_display": "100"}, "missing_lines": [], "excluded_lines": [], "start_line": 244}, "": {"executed_lines": [3, 4, 5, 6, 8, 11, 14, 23, 96, 167, 189, 204, 244], "summary": {"covered_lines": 13, "num_statements": 13, "percent_covered": 100.0, "percent_covered_display": "100", "missing_lines": 0, "excluded_lines": 0, "percent_statements_covered": 100.0, "percent_statements_covered_display": "100"}, "missing_lines": [], "excluded_lines": [], "start_line": 1}}, "classes": {"DNSService": {"executed_lines": [20, 21, 34, 35, 36, 39, 56, 57, 70, 71, 74, 75, 76, 77, 78, 90, 94, 107, 108, 109, 112, 127, 128, 131, 132, 143, 146, 147, 148, 149, 150, 161, 165, 180, 181, 183, 187, 251, 252, 253, 254, 255, 257, 258, 260, 261, 263, 264, 266, 267, 270, 271, 274, 276, 277, 278], "summary": {"covered_lines": 56, "num_statements": 70, "percent_covered": 80.0, "percent_covered_display": "80", "missing_lines": 14, "excluded_lines": 0, "percent_statements_covered": 80.0, "percent_statements_covered_display": "80"}, "missing_lines": [91, 92, 162, 163, 184, 198, 199, 202, 214, 230, 239, 240, 241, 242], "excluded_lines": [], "start_line": 11}, "": {"executed_lines": [3, 4, 5, 6, 8, 11, 14, 23, 96, 167, 189, 204, 244], "summary": {"covered_lines": 13, "num_statements": 13, "percent_covered": 100.0, "percent_covered_display": "100", "missing_lines": 0, "excluded_lines": 0, "percent_statements_covered": 100.0, "percent_statements_covered_display": "100"}, "missing_lines": [], "excluded_lines": [], "start_line": 1}}}, "src/homelab_gitops/domain/exceptions.py": {"executed_lines": [4, 6, 9, 11, 14, 16, 17, 18, 19, 22, 24, 27, 29, 32, 34, 37, 39, 42, 44], "summary": {"covered_lines": 19, "num_statements": 19, "percent_covered": 100.0, "percent_covered_display": "100", "missing_lines": 0, "excluded_lines": 0, "percent_statements_covered": 100.0, "percent_statements_covered_display": "100"}, "missing_lines": [], "excluded_lines": [], "functions": {"InvalidStateTransition.__init__": {"executed_lines": [17, 18, 19], "summary": {"covered_lines": 3, "num_statements": 3, "percent_covered": 100.0, "percent_covered_display": "100", "missing_lines": 0, "excluded_lines": 0, "percent_statements_covered": 100.0, "percent_statements_covered_display": "100"}, "missing_lines": [], "excluded_lines": [], "start_line": 16}, "": {"executed_lines": [4, 6, 9, 11, 14, 16, 22, 24, 27, 29, 32, 34, 37, 39, 42, 44], "summary": {"covered_lines": 16, "num_statements": 16, "percent_covered": 100.0, "percent_covered_display": "100", "missing_lines": 0, "excluded_lines": 0, "percent_statements_covered": 100.0, "percent_statements_covered_display": "100"}, "missing_lines": [], "excluded_lines": [], "start_line": 1}}, "classes": {"DomainError": {"executed_lines": [], "summary": {"covered_lines": 0, "num_statements": 0, "percent_covered": 100.0, "percent_covered_display": "100", "missing_lines": 0, "excluded_lines": 0, "percent_statements_covered": 100.0, "percent_statements_covered_display": "100"}, "missing_lines": [], "excluded_lines": [], "start_line": 4}, "ValidationError": {"executed_lines": [], "summary": {"covered_lines": 0, "num_statements": 0, "percent_covered": 100.0, "percent_covered_display": "100", "missing_lines": 0, "excluded_lines": 0, "percent_statements_covered": 100.0, "percent_statements_covered_display": "100"}, "missing_lines": [], "excluded_lines": [], "start_line": 9}, "InvalidStateTransition": {"executed_lines": [17, 18, 19], "summary": {"covered_lines": 3, "num_statements": 3, "percent_covered": 100.0, "percent_covered_display": "100", "missing_lines": 0, "excluded_lines": 0, "percent_statements_covered": 100.0, "percent_statements_covered_display": "100"}, "missing_lines": [], "excluded_lines": [], "start_line": 14}, "ProvisioningError": {"executed_lines": [], "summary": {"covered_lines": 0, "num_statements": 0, "percent_covered": 100.0, "percent_covered_display": "100", "missing_lines": 0, "excluded_lines": 0, "percent_statements_covered": 100.0, "percent_statements_covered_display": "100"}, "missing_lines": [], "excluded_lines": [], "start_line": 22}, "ConfigurationError": {"executed_lines": [], "summary": {"covered_lines": 0, "num_statements": 0, "percent_covered": 100.0, "percent_covered_display": "100", "missing_lines": 0, "excluded_lines": 0, "percent_statements_covered": 100.0, "percent_statements_covered_display": "100"}, "missing_lines": [], "excluded_lines": [], "start_line": 27}, "TestError": {"executed_lines": [], "summary": {"covered_lines": 0, "num_statements": 0, "percent_covered": 100.0, "percent_covered_display": "100", "missing_lines": 0, "excluded_lines": 0, "percent_statements_covered": 100.0, "percent_statements_covered_display": "100"}, "missing_lines": [], "excluded_lines": [], "start_line": 32}, "InsufficientResourcesError": {"executed_lines": [], "summary": {"covered_lines": 0, "num_statements": 0, "percent_covered": 100.0, "percent_covered_display": "100", "missing_lines": 0, "excluded_lines": 0, "percent_statements_covered": 100.0, "percent_statements_covered_display": "100"}, "missing_lines": [], "excluded_lines": [], "start_line": 37}, "ProvisioningTimeout": {"executed_lines": [], "summary": {"covered_lines": 0, "num_statements": 0, "percent_covered": 100.0, "percent_covered_display": "100", "missing_lines": 0, "excluded_lines": 0, "percent_statements_covered": 100.0, "percent_statements_covered_display": "100"}, "missing_lines": [], "excluded_lines": [], "start_line": 42}, "": {"executed_lines": [4, 6, 9, 11, 14, 16, 22, 24, 27, 29, 32, 34, 37, 39, 42, 44], "summary": {"covered_lines": 16, "num_statements": 16, "percent_covered": 100.0, "percent_covered_display": "100", "missing_lines": 0, "excluded_lines": 0, "percent_statements_covered": 100.0, "percent_statements_covered_display": "100"}, "missing_lines": [], "excluded_lines": [], "start_line": 1}}}, "src/homelab_gitops/domain/migration.py": {"executed_lines": [], "summary": {"covered_lines": 0, "num_statements": 43, "percent_covered": 0.0, "percent_covered_display": "0", "missing_lines": 43, "excluded_lines": 0, "percent_statements_covered": 0.0, "percent_statements_covered_display": "0"}, "missing_lines": [3, 4, 5, 6, 8, 11, 14, 18, 19, 20, 22, 23, 24, 29, 35, 36, 42, 48, 52, 53, 55, 66, 69, 70, 73, 74, 77, 80, 81, 83, 84, 87, 94, 101, 105, 107, 109, 110, 111, 112, 114, 116, 121], "excluded_lines": [], "functions": {"MigrationService.__init__": {"executed_lines": [], "summary": {"covered_lines": 0, "num_statements": 6, "percent_covered": 0.0, "percent_covered_display": "0", "missing_lines": 6, "excluded_lines": 0, "percent_statements_covered": 0.0, "percent_statements_covered_display": "0"}, "missing_lines": [18, 19, 20, 22, 23, 24], "excluded_lines": [], "start_line": 14}, "MigrationService.discover": {"executed_lines": [], "summary": {"covered_lines": 0, "num_statements": 6, "percent_covered": 0.0, "percent_covered_display": "0", "missing_lines": 6, "excluded_lines": 0, "percent_statements_covered": 0.0, "percent_statements_covered_display": "0"}, "missing_lines": [35, 36, 42, 48, 52, 53], "excluded_lines": [], "start_line": 29}, "MigrationService.migrate_dhcp": {"executed_lines": [], "summary": {"covered_lines": 0, "num_statements": 19, "percent_covered": 0.0, "percent_covered_display": "0", "missing_lines": 19, "excluded_lines": 0, "percent_statements_covered": 0.0, "percent_statements_covered_display": "0"}, "missing_lines": [66, 69, 70, 73, 74, 77, 80, 81, 83, 84, 87, 94, 101, 105, 107, 109, 110, 111, 112], "excluded_lines": [], "start_line": 55}, "MigrationService.rollback": {"executed_lines": [], "summary": {"covered_lines": 0, "num_statements": 2, "percent_covered": 0.0, "percent_covered_display": "0", "missing_lines": 2, "excluded_lines": 0, "percent_statements_covered": 0.0, "percent_statements_covered_display": "0"}, "missing_lines": [116, 121], "excluded_lines": [], "start_line": 114}, "": {"executed_lines": [], "summary": {"covered_lines": 0, "num_statements": 10, "percent_covered": 0.0, "percent_covered_display": "0", "missing_lines": 10, "excluded_lines": 0, "percent_statements_covered": 0.0, "percent_statements_covered_display": "0"}, "missing_lines": [3, 4, 5, 6, 8, 11, 14, 29, 55, 114], "excluded_lines": [], "start_line": 1}}, "classes": {"MigrationService": {"executed_lines": [], "summary": {"covered_lines": 0, "num_statements": 33, "percent_covered": 0.0, "percent_covered_display": "0", "missing_lines": 33, "excluded_lines": 0, "percent_statements_covered": 0.0, "percent_statements_covered_display": "0"}, "missing_lines": [18, 19, 20, 22, 23, 24, 35, 36, 42, 48, 52, 53, 66, 69, 70, 73, 74, 77, 80, 81, 83, 84, 87, 94, 101, 105, 107, 109, 110, 111, 112, 116, 121], "excluded_lines": [], "start_line": 11}, "": {"executed_lines": [], "summary": {"covered_lines": 0, "num_statements": 10, "percent_covered": 0.0, "percent_covered_display": "0", "missing_lines": 10, "excluded_lines": 0, "percent_statements_covered": 0.0, "percent_statements_covered_display": "0"}, "missing_lines": [3, 4, 5, 6, 8, 11, 14, 29, 55, 114], "excluded_lines": [], "start_line": 1}}}, "src/homelab_gitops/domain/models.py": {"executed_lines": [1, 2, 3, 5, 7, 8, 14, 16, 18, 19, 21, 22, 23, 24, 25, 26, 28, 29, 34, 35, 36, 37, 38, 40, 41, 45, 46, 48, 49, 55, 56], "summary": {"covered_lines": 31, "num_statements": 31, "percent_covered": 100.0, "percent_covered_display": "100", "missing_lines": 0, "excluded_lines": 0, "percent_statements_covered": 100.0, "percent_statements_covered_display": "100"}, "missing_lines": [], "excluded_lines": [], "functions": {"NodeProfile.__post_init__": {"executed_lines": [18, 19, 21, 22, 23, 24, 25, 26], "summary": {"covered_lines": 8, "num_statements": 8, "percent_covered": 100.0, "percent_covered_display": "100", "missing_lines": 0, "excluded_lines": 0, "percent_statements_covered": 100.0, "percent_statements_covered_display": "100"}, "missing_lines": [], "excluded_lines": [], "start_line": 16}, "": {"executed_lines": [1, 2, 3, 5, 7, 8, 14, 16, 28, 29, 34, 35, 36, 37, 38, 40, 41, 45, 46, 48, 49, 55, 56], "summary": {"covered_lines": 23, "num_statements": 23, "percent_covered": 100.0, "percent_covered_display": "100", "missing_lines": 0, "excluded_lines": 0, "percent_statements_covered": 100.0, "percent_statements_covered_display": "100"}, "missing_lines": [], "excluded_lines": [], "start_line": 1}}, "classes": {"NodeProfile": {"executed_lines": [18, 19, 21, 22, 23, 24, 25, 26], "summary": {"covered_lines": 8, "num_statements": 8, "percent_covered": 100.0, "percent_covered_display": "100", "missing_lines": 0, "excluded_lines": 0, "percent_statements_covered": 100.0, "percent_statements_covered_display": "100"}, "missing_lines": [], "excluded_lines": [], "start_line": 8}, "DeploymentState": {"executed_lines": [], "summary": {"covered_lines": 0, "num_statements": 0, "percent_covered": 100.0, "percent_covered_display": "100", "missing_lines": 0, "excluded_lines": 0, "percent_statements_covered": 100.0, "percent_statements_covered_display": "100"}, "missing_lines": [], "excluded_lines": [], "start_line": 29}, "Task": {"executed_lines": [], "summary": {"covered_lines": 0, "num_statements": 0, "percent_covered": 100.0, "percent_covered_display": "100", "missing_lines": 0, "excluded_lines": 0, "percent_statements_covered": 100.0, "percent_statements_covered_display": "100"}, "missing_lines": [], "excluded_lines": [], "start_line": 41}, "TaskResult": {"executed_lines": [], "summary": {"covered_lines": 0, "num_statements": 0, "percent_covered": 100.0, "percent_covered_display": "100", "missing_lines": 0, "excluded_lines": 0, "percent_statements_covered": 100.0, "percent_statements_covered_display": "100"}, "missing_lines": [], "excluded_lines": [], "start_line": 49}, "": {"executed_lines": [1, 2, 3, 5, 7, 8, 14, 16, 28, 29, 34, 35, 36, 37, 38, 40, 41, 45, 46, 48, 49, 55, 56], "summary": {"covered_lines": 23, "num_statements": 23, "percent_covered": 100.0, "percent_covered_display": "100", "missing_lines": 0, "excluded_lines": 0, "percent_statements_covered": 100.0, "percent_statements_covered_display": "100"}, "missing_lines": [], "excluded_lines": [], "start_line": 1}}}, "src/homelab_gitops/domain/networking.py": {"executed_lines": [], "summary": {"covered_lines": 0, "num_statements": 79, "percent_covered": 0.0, "percent_covered_display": "0", "missing_lines": 79, "excluded_lines": 0, "percent_statements_covered": 0.0, "percent_statements_covered_display": "0"}, "missing_lines": [3, 4, 5, 6, 7, 9, 12, 15, 17, 19, 28, 29, 30, 31, 32, 35, 36, 37, 38, 39, 41, 43, 49, 51, 56, 57, 58, 69, 71, 72, 80, 81, 83, 88, 90, 91, 92, 94, 96, 98, 99, 100, 115, 117, 118, 125, 127, 136, 137, 138, 139, 142, 143, 144, 149, 151, 152, 155, 156, 157, 158, 159, 160, 169, 172, 173, 174, 175, 177, 178, 183, 186, 190, 191, 192, 193, 194, 203, 205], "excluded_lines": [], "functions": {"NetworkingService.__init__": {"executed_lines": [], "summary": {"covered_lines": 0, "num_statements": 1, "percent_covered": 0.0, "percent_covered_display": "0", "missing_lines": 1, "excluded_lines": 0, "percent_statements_covered": 0.0, "percent_statements_covered_display": "0"}, "missing_lines": [17], "excluded_lines": [], "start_line": 15}, "NetworkingService.prepare_node_network": {"executed_lines": [], "summary": {"covered_lines": 0, "num_statements": 36, "percent_covered": 0.0, "percent_covered_display": "0", "missing_lines": 36, "excluded_lines": 0, "percent_statements_covered": 0.0, "percent_statements_covered_display": "0"}, "missing_lines": [28, 29, 30, 31, 32, 35, 36, 37, 38, 39, 41, 43, 49, 51, 56, 57, 58, 69, 71, 72, 80, 81, 83, 88, 90, 91, 92, 94, 96, 98, 99, 100, 115, 117, 118, 125], "excluded_lines": [], "start_line": 19}, "NetworkingService.cleanup_node_network": {"executed_lines": [], "summary": {"covered_lines": 0, "num_statements": 32, "percent_covered": 0.0, "percent_covered_display": "0", "missing_lines": 32, "excluded_lines": 0, "percent_statements_covered": 0.0, "percent_statements_covered_display": "0"}, "missing_lines": [136, 137, 138, 139, 142, 143, 144, 149, 151, 152, 155, 156, 157, 158, 159, 160, 169, 172, 173, 174, 175, 177, 178, 183, 186, 190, 191, 192, 193, 194, 203, 205], "excluded_lines": [], "start_line": 127}, "": {"executed_lines": [], "summary": {"covered_lines": 0, "num_statements": 10, "percent_covered": 0.0, "percent_covered_display": "0", "missing_lines": 10, "excluded_lines": 0, "percent_statements_covered": 0.0, "percent_statements_covered_display": "0"}, "missing_lines": [3, 4, 5, 6, 7, 9, 12, 15, 19, 127], "excluded_lines": [], "start_line": 1}}, "classes": {"NetworkingService": {"executed_lines": [], "summary": {"covered_lines": 0, "num_statements": 69, "percent_covered": 0.0, "percent_covered_display": "0", "missing_lines": 69, "excluded_lines": 0, "percent_statements_covered": 0.0, "percent_statements_covered_display": "0"}, "missing_lines": [17, 28, 29, 30, 31, 32, 35, 36, 37, 38, 39, 41, 43, 49, 51, 56, 57, 58, 69, 71, 72, 80, 81, 83, 88, 90, 91, 92, 94, 96, 98, 99, 100, 115, 117, 118, 125, 136, 137, 138, 139, 142, 143, 144, 149, 151, 152, 155, 156, 157, 158, 159, 160, 169, 172, 173, 174, 175, 177, 178, 183, 186, 190, 191, 192, 193, 194, 203, 205], "excluded_lines": [], "start_line": 12}, "": {"executed_lines": [], "summary": {"covered_lines": 0, "num_statements": 10, "percent_covered": 0.0, "percent_covered_display": "0", "missing_lines": 10, "excluded_lines": 0, "percent_statements_covered": 0.0, "percent_statements_covered_display": "0"}, "missing_lines": [3, 4, 5, 6, 7, 9, 12, 15, 19, 127], "excluded_lines": [], "start_line": 1}}}, "src/homelab_gitops/domain/state_machine.py": {"executed_lines": [1, 3, 5, 8, 16, 18, 20, 23, 33, 36, 37, 38, 39, 40, 42, 44, 45, 46, 47], "summary": {"covered_lines": 19, "num_statements": 19, "percent_covered": 100.0, "percent_covered_display": "100", "missing_lines": 0, "excluded_lines": 0, "percent_statements_covered": 100.0, "percent_statements_covered_display": "100"}, "missing_lines": [], "excluded_lines": [], "functions": {"StateMachine.can_transition": {"executed_lines": [18], "summary": {"covered_lines": 1, "num_statements": 1, "percent_covered": 100.0, "percent_covered_display": "100", "missing_lines": 0, "excluded_lines": 0, "percent_statements_covered": 100.0, "percent_statements_covered_display": "100"}, "missing_lines": [], "excluded_lines": [], "start_line": 16}, "StateMachine.transition": {"executed_lines": [23, 33, 36, 37, 38, 39, 40], "summary": {"covered_lines": 7, "num_statements": 7, "percent_covered": 100.0, "percent_covered_display": "100", "missing_lines": 0, "excluded_lines": 0, "percent_statements_covered": 100.0, "percent_statements_covered_display": "100"}, "missing_lines": [], "excluded_lines": [], "start_line": 20}, "StateMachine.transition_to_failed": {"executed_lines": [44, 45, 46, 47], "summary": {"covered_lines": 4, "num_statements": 4, "percent_covered": 100.0, "percent_covered_display": "100", "missing_lines": 0, "excluded_lines": 0, "percent_statements_covered": 100.0, "percent_statements_covered_display": "100"}, "missing_lines": [], "excluded_lines": [], "start_line": 42}, "": {"executed_lines": [1, 3, 5, 8, 16, 20, 42], "summary": {"covered_lines": 7, "num_statements": 7, "percent_covered": 100.0, "percent_covered_display": "100", "missing_lines": 0, "excluded_lines": 0, "percent_statements_covered": 100.0, "percent_statements_covered_display": "100"}, "missing_lines": [], "excluded_lines": [], "start_line": 1}}, "classes": {"StateMachine": {"executed_lines": [18, 23, 33, 36, 37, 38, 39, 40, 44, 45, 46, 47], "summary": {"covered_lines": 12, "num_statements": 12, "percent_covered": 100.0, "percent_covered_display": "100", "missing_lines": 0, "excluded_lines": 0, "percent_statements_covered": 100.0, "percent_statements_covered_display": "100"}, "missing_lines": [], "excluded_lines": [], "start_line": 5}, "": {"executed_lines": [1, 3, 5, 8, 16, 20, 42], "summary": {"covered_lines": 7, "num_statements": 7, "percent_covered": 100.0, "percent_covered_display": "100", "missing_lines": 0, "excluded_lines": 0, "percent_statements_covered": 100.0, "percent_statements_covered_display": "100"}, "missing_lines": [], "excluded_lines": [], "start_line": 1}}}, "src/homelab_gitops/domain/validators.py": {"executed_lines": [3, 4, 5, 8, 9, 15, 17, 22, 25, 27, 29, 30, 31, 34, 35, 36, 39, 42, 45, 48, 50, 52, 53, 55, 56, 59], "summary": {"covered_lines": 26, "num_statements": 31, "percent_covered": 83.87096774193549, "percent_covered_display": "84", "missing_lines": 5, "excluded_lines": 0, "percent_statements_covered": 83.87096774193549, "percent_statements_covered_display": "84"}, "missing_lines": [19, 32, 37, 40, 57], "excluded_lines": [], "functions": {"Validator.validate": {"executed_lines": [], "summary": {"covered_lines": 0, "num_statements": 1, "percent_covered": 0.0, "percent_covered_display": "0", "missing_lines": 1, "excluded_lines": 0, "percent_statements_covered": 0.0, "percent_statements_covered_display": "0"}, "missing_lines": [19], "excluded_lines": [], "start_line": 17}, "YAMLSchemaValidator.validate": {"executed_lines": [27, 29, 30, 31, 34, 35, 36, 39, 42], "summary": {"covered_lines": 9, "num_statements": 12, "percent_covered": 75.0, "percent_covered_display": "75", "missing_lines": 3, "excluded_lines": 0, "percent_statements_covered": 75.0, "percent_statements_covered_display": "75"}, "missing_lines": [32, 37, 40], "excluded_lines": [], "start_line": 25}, "TagValidator.validate": {"executed_lines": [52, 53, 55, 56, 59], "summary": {"covered_lines": 5, "num_statements": 6, "percent_covered": 83.33333333333333, "percent_covered_display": "83", "missing_lines": 1, "excluded_lines": 0, "percent_statements_covered": 83.33333333333333, "percent_statements_covered_display": "83"}, "missing_lines": [57], "excluded_lines": [], "start_line": 50}, "": {"executed_lines": [3, 4, 5, 8, 9, 15, 17, 22, 25, 45, 48, 50], "summary": {"covered_lines": 12, "num_statements": 12, "percent_covered": 100.0, "percent_covered_display": "100", "missing_lines": 0, "excluded_lines": 0, "percent_statements_covered": 100.0, "percent_statements_covered_display": "100"}, "missing_lines": [], "excluded_lines": [], "start_line": 1}}, "classes": {"ValidationResult": {"executed_lines": [], "summary": {"covered_lines": 0, "num_statements": 0, "percent_covered": 100.0, "percent_covered_display": "100", "missing_lines": 0, "excluded_lines": 0, "percent_statements_covered": 100.0, "percent_statements_covered_display": "100"}, "missing_lines": [], "excluded_lines": [], "start_line": 9}, "Validator": {"executed_lines": [], "summary": {"covered_lines": 0, "num_statements": 1, "percent_covered": 0.0, "percent_covered_display": "0", "missing_lines": 1, "excluded_lines": 0, "percent_statements_covered": 0.0, "percent_statements_covered_display": "0"}, "missing_lines": [19], "excluded_lines": [], "start_line": 15}, "YAMLSchemaValidator": {"executed_lines": [27, 29, 30, 31, 34, 35, 36, 39, 42], "summary": {"covered_lines": 9, "num_statements": 12, "percent_covered": 75.0, "percent_covered_display": "75", "missing_lines": 3, "excluded_lines": 0, "percent_statements_covered": 75.0, "percent_statements_covered_display": "75"}, "missing_lines": [32, 37, 40], "excluded_lines": [], "start_line": 22}, "TagValidator": {"executed_lines": [52, 53, 55, 56, 59], "summary": {"covered_lines": 5, "num_statements": 6, "percent_covered": 83.33333333333333, "percent_covered_display": "83", "missing_lines": 1, "excluded_lines": 0, "percent_statements_covered": 83.33333333333333, "percent_statements_covered_display": "83"}, "missing_lines": [57], "excluded_lines": [], "start_line": 45}, "": {"executed_lines": [3, 4, 5, 8, 9, 15, 17, 22, 25, 45, 48, 50], "summary": {"covered_lines": 12, "num_statements": 12, "percent_covered": 100.0, "percent_covered_display": "100", "missing_lines": 0, "excluded_lines": 0, "percent_statements_covered": 100.0, "percent_statements_covered_display": "100"}, "missing_lines": [], "excluded_lines": [], "start_line": 1}}}, "src/homelab_gitops/domain/workflows.py": {"executed_lines": [1, 2, 3, 4, 5, 7, 10, 17, 18, 19, 20, 27, 28, 29, 32, 46, 56, 58, 61, 62, 65, 68, 69, 70, 72, 73, 74, 76, 77, 80, 82, 84, 86], "summary": {"covered_lines": 33, "num_statements": 34, "percent_covered": 97.05882352941177, "percent_covered_display": "97", "missing_lines": 1, "excluded_lines": 0, "percent_statements_covered": 97.05882352941177, "percent_statements_covered_display": "97"}, "missing_lines": [30], "excluded_lines": [], "functions": {"Workflow.__init__": {"executed_lines": [17, 18, 19, 20, 27, 28, 29], "summary": {"covered_lines": 7, "num_statements": 8, "percent_covered": 87.5, "percent_covered_display": "88", "missing_lines": 1, "excluded_lines": 0, "percent_statements_covered": 87.5, "percent_statements_covered_display": "88"}, "missing_lines": [30], "excluded_lines": [], "start_line": 10}, "Workflow.execute": {"executed_lines": [46, 56, 58, 61, 62, 65, 68, 69, 70, 72, 73, 74, 76, 77, 80, 82], "summary": {"covered_lines": 16, "num_statements": 16, "percent_covered": 100.0, "percent_covered_display": "100", "missing_lines": 0, "excluded_lines": 0, "percent_statements_covered": 100.0, "percent_statements_covered_display": "100"}, "missing_lines": [], "excluded_lines": [], "start_line": 32}, "Workflow._prepare_task": {"executed_lines": [86], "summary": {"covered_lines": 1, "num_statements": 1, "percent_covered": 100.0, "percent_covered_display": "100", "missing_lines": 0, "excluded_lines": 0, "percent_statements_covered": 100.0, "percent_statements_covered_display": "100"}, "missing_lines": [], "excluded_lines": [], "start_line": 84}, "": {"executed_lines": [1, 2, 3, 4, 5, 7, 10, 32, 84], "summary": {"covered_lines": 9, "num_statements": 9, "percent_covered": 100.0, "percent_covered_display": "100", "missing_lines": 0, "excluded_lines": 0, "percent_statements_covered": 100.0, "percent_statements_covered_display": "100"}, "missing_lines": [], "excluded_lines": [], "start_line": 1}}, "classes": {"Workflow": {"executed_lines": [17, 18, 19, 20, 27, 28, 29, 46, 56, 58, 61, 62, 65, 68, 69, 70, 72, 73, 74, 76, 77, 80, 82, 86], "summary": {"covered_lines": 24, "num_statements": 25, "percent_covered": 96.0, "percent_covered_display": "96", "missing_lines": 1, "excluded_lines": 0, "percent_statements_covered": 96.0, "percent_statements_covered_display": "96"}, "missing_lines": [30], "excluded_lines": [], "start_line": 7}, "": {"executed_lines": [1, 2, 3, 4, 5, 7, 10, 32, 84], "summary": {"covered_lines": 9, "num_statements": 9, "percent_covered": 100.0, "percent_covered_display": "100", "missing_lines": 0, "excluded_lines": 0, "percent_statements_covered": 100.0, "percent_statements_covered_display": "100"}, "missing_lines": [], "excluded_lines": [], "start_line": 1}}}, "src/homelab_gitops/drivers/__init__.py": {"executed_lines": [3, 4, 5, 6, 7, 8, 10], "summary": {"covered_lines": 7, "num_statements": 7, "percent_covered": 100.0, "percent_covered_display": "100", "missing_lines": 0, "excluded_lines": 0, "percent_statements_covered": 100.0, "percent_statements_covered_display": "100"}, "missing_lines": [], "excluded_lines": [], "functions": {"": {"executed_lines": [3, 4, 5, 6, 7, 8, 10], "summary": {"covered_lines": 7, "num_statements": 7, "percent_covered": 100.0, "percent_covered_display": "100", "missing_lines": 0, "excluded_lines": 0, "percent_statements_covered": 100.0, "percent_statements_covered_display": "100"}, "missing_lines": [], "excluded_lines": [], "start_line": 1}}, "classes": {"": {"executed_lines": [3, 4, 5, 6, 7, 8, 10], "summary": {"covered_lines": 7, "num_statements": 7, "percent_covered": 100.0, "percent_covered_display": "100", "missing_lines": 0, "excluded_lines": 0, "percent_statements_covered": 100.0, "percent_statements_covered_display": "100"}, "missing_lines": [], "excluded_lines": [], "start_line": 1}}}, "src/homelab_gitops/drivers/acme_driver.py": {"executed_lines": [3, 4, 5, 6, 8, 9, 10, 11, 12, 13, 15, 16, 17, 19, 22, 24, 27, 38, 41, 42, 43, 45, 80, 82, 83, 84, 85, 86, 88, 97, 100, 101, 106, 108, 109, 112, 120, 129, 131, 132, 133, 134, 136, 137, 138, 141, 143, 150, 153, 158, 223, 225, 226, 228, 229, 230, 231, 233, 234, 239, 246, 248, 254, 255, 256], "summary": {"covered_lines": 65, "num_statements": 134, "percent_covered": 48.507462686567166, "percent_covered_display": "49", "missing_lines": 69, "excluded_lines": 0, "percent_statements_covered": 48.507462686567166, "percent_statements_covered_display": "49"}, "missing_lines": [47, 48, 50, 51, 52, 54, 58, 60, 62, 63, 67, 68, 70, 72, 73, 74, 75, 76, 77, 78, 117, 118, 151, 155, 156, 175, 176, 178, 180, 181, 184, 185, 186, 187, 188, 191, 192, 193, 194, 195, 196, 197, 199, 202, 203, 206, 207, 208, 209, 210, 211, 212, 214, 217, 218, 219, 220, 221, 232, 235, 236, 237, 238, 240, 241, 242, 243, 244, 257], "excluded_lines": [], "functions": {"AcmeDriver.__init__": {"executed_lines": [38, 41, 42, 43], "summary": {"covered_lines": 4, "num_statements": 4, "percent_covered": 100.0, "percent_covered_display": "100", "missing_lines": 0, "excluded_lines": 0, "percent_statements_covered": 100.0, "percent_statements_covered_display": "100"}, "missing_lines": [], "excluded_lines": [], "start_line": 27}, "AcmeDriver._get_client": {"executed_lines": [], "summary": {"covered_lines": 0, "num_statements": 20, "percent_covered": 0.0, "percent_covered_display": "0", "missing_lines": 20, "excluded_lines": 0, "percent_statements_covered": 0.0, "percent_statements_covered_display": "0"}, "missing_lines": [47, 48, 50, 51, 52, 54, 58, 60, 62, 63, 67, 68, 70, 72, 73, 74, 75, 76, 77, 78], "excluded_lines": [], "start_line": 45}, "AcmeDriver.validate": {"executed_lines": [82, 83, 84, 85, 86], "summary": {"covered_lines": 5, "num_statements": 5, "percent_covered": 100.0, "percent_covered_display": "100", "missing_lines": 0, "excluded_lines": 0, "percent_statements_covered": 100.0, "percent_statements_covered_display": "100"}, "missing_lines": [], "excluded_lines": [], "start_line": 80}, "AcmeDriver.register_account": {"executed_lines": [97, 100, 101, 106, 108, 109, 112], "summary": {"covered_lines": 7, "num_statements": 9, "percent_covered": 77.77777777777777, "percent_covered_display": "78", "missing_lines": 2, "excluded_lines": 0, "percent_statements_covered": 77.77777777777777, "percent_statements_covered_display": "78"}, "missing_lines": [117, 118], "excluded_lines": [], "start_line": 88}, "AcmeDriver.request_challenge": {"executed_lines": [129, 131, 132, 133, 134, 136, 137, 138, 141, 143, 150, 153], "summary": {"covered_lines": 12, "num_statements": 15, "percent_covered": 80.0, "percent_covered_display": "80", "missing_lines": 3, "excluded_lines": 0, "percent_statements_covered": 80.0, "percent_statements_covered_display": "80"}, "missing_lines": [151, 155, 156], "excluded_lines": [], "start_line": 120}, "AcmeDriver.finalize_order": {"executed_lines": [], "summary": {"covered_lines": 0, "num_statements": 33, "percent_covered": 0.0, "percent_covered_display": "0", "missing_lines": 33, "excluded_lines": 0, "percent_statements_covered": 0.0, "percent_statements_covered_display": "0"}, "missing_lines": [175, 176, 178, 180, 181, 184, 185, 186, 187, 188, 191, 192, 193, 194, 195, 196, 197, 199, 202, 203, 206, 207, 208, 209, 210, 211, 212, 214, 217, 218, 219, 220, 221], "excluded_lines": [], "start_line": 158}, "AcmeDriver.execute": {"executed_lines": [225, 226, 228, 229, 230, 231, 233, 234, 239, 246, 248, 254, 255, 256], "summary": {"covered_lines": 14, "num_statements": 25, "percent_covered": 56.0, "percent_covered_display": "56", "missing_lines": 11, "excluded_lines": 0, "percent_statements_covered": 56.0, "percent_statements_covered_display": "56"}, "missing_lines": [232, 235, 236, 237, 238, 240, 241, 242, 243, 244, 257], "excluded_lines": [], "start_line": 223}, "": {"executed_lines": [3, 4, 5, 6, 8, 9, 10, 11, 12, 13, 15, 16, 17, 19, 22, 24, 27, 45, 80, 88, 120, 158, 223], "summary": {"covered_lines": 23, "num_statements": 23, "percent_covered": 100.0, "percent_covered_display": "100", "missing_lines": 0, "excluded_lines": 0, "percent_statements_covered": 100.0, "percent_statements_covered_display": "100"}, "missing_lines": [], "excluded_lines": [], "start_line": 1}}, "classes": {"AcmeDriver": {"executed_lines": [38, 41, 42, 43, 82, 83, 84, 85, 86, 97, 100, 101, 106, 108, 109, 112, 129, 131, 132, 133, 134, 136, 137, 138, 141, 143, 150, 153, 225, 226, 228, 229, 230, 231, 233, 234, 239, 246, 248, 254, 255, 256], "summary": {"covered_lines": 42, "num_statements": 111, "percent_covered": 37.83783783783784, "percent_covered_display": "38", "missing_lines": 69, "excluded_lines": 0, "percent_statements_covered": 37.83783783783784, "percent_statements_covered_display": "38"}, "missing_lines": [47, 48, 50, 51, 52, 54, 58, 60, 62, 63, 67, 68, 70, 72, 73, 74, 75, 76, 77, 78, 117, 118, 151, 155, 156, 175, 176, 178, 180, 181, 184, 185, 186, 187, 188, 191, 192, 193, 194, 195, 196, 197, 199, 202, 203, 206, 207, 208, 209, 210, 211, 212, 214, 217, 218, 219, 220, 221, 232, 235, 236, 237, 238, 240, 241, 242, 243, 244, 257], "excluded_lines": [], "start_line": 24}, "": {"executed_lines": [3, 4, 5, 6, 8, 9, 10, 11, 12, 13, 15, 16, 17, 19, 22, 24, 27, 45, 80, 88, 120, 158, 223], "summary": {"covered_lines": 23, "num_statements": 23, "percent_covered": 100.0, "percent_covered_display": "100", "missing_lines": 0, "excluded_lines": 0, "percent_statements_covered": 100.0, "percent_statements_covered_display": "100"}, "missing_lines": [], "excluded_lines": [], "start_line": 1}}}, "src/homelab_gitops/drivers/ansible_driver.py": {"executed_lines": [3, 4, 5, 6, 7, 8, 11, 14, 16, 18, 20, 22, 24], "summary": {"covered_lines": 13, "num_statements": 29, "percent_covered": 44.827586206896555, "percent_covered_display": "45", "missing_lines": 16, "excluded_lines": 0, "percent_statements_covered": 44.827586206896555, "percent_statements_covered_display": "45"}, "missing_lines": [21, 26, 28, 29, 30, 31, 33, 35, 42, 43, 50, 51, 53, 54, 60, 61], "excluded_lines": [], "functions": {"AnsibleDriver.__init__": {"executed_lines": [16], "summary": {"covered_lines": 1, "num_statements": 1, "percent_covered": 100.0, "percent_covered_display": "100", "missing_lines": 0, "excluded_lines": 0, "percent_statements_covered": 100.0, "percent_statements_covered_display": "100"}, "missing_lines": [], "excluded_lines": [], "start_line": 14}, "AnsibleDriver.validate": {"executed_lines": [20, 22], "summary": {"covered_lines": 2, "num_statements": 3, "percent_covered": 66.66666666666667, "percent_covered_display": "67", "missing_lines": 1, "excluded_lines": 0, "percent_statements_covered": 66.66666666666667, "percent_statements_covered_display": "67"}, "missing_lines": [21], "excluded_lines": [], "start_line": 18}, "AnsibleDriver.execute": {"executed_lines": [], "summary": {"covered_lines": 0, "num_statements": 15, "percent_covered": 0.0, "percent_covered_display": "0", "missing_lines": 15, "excluded_lines": 0, "percent_statements_covered": 0.0, "percent_statements_covered_display": "0"}, "missing_lines": [26, 28, 29, 30, 31, 33, 35, 42, 43, 50, 51, 53, 54, 60, 61], "excluded_lines": [], "start_line": 24}, "": {"executed_lines": [3, 4, 5, 6, 7, 8, 11, 14, 18, 24], "summary": {"covered_lines": 10, "num_statements": 10, "percent_covered": 100.0, "percent_covered_display": "100", "missing_lines": 0, "excluded_lines": 0, "percent_statements_covered": 100.0, "percent_statements_covered_display": "100"}, "missing_lines": [], "excluded_lines": [], "start_line": 1}}, "classes": {"AnsibleDriver": {"executed_lines": [16, 20, 22], "summary": {"covered_lines": 3, "num_statements": 19, "percent_covered": 15.789473684210526, "percent_covered_display": "16", "missing_lines": 16, "excluded_lines": 0, "percent_statements_covered": 15.789473684210526, "percent_statements_covered_display": "16"}, "missing_lines": [21, 26, 28, 29, 30, 31, 33, 35, 42, 43, 50, 51, 53, 54, 60, 61], "excluded_lines": [], "start_line": 11}, "": {"executed_lines": [3, 4, 5, 6, 7, 8, 11, 14, 18, 24], "summary": {"covered_lines": 10, "num_statements": 10, "percent_covered": 100.0, "percent_covered_display": "100", "missing_lines": 0, "excluded_lines": 0, "percent_statements_covered": 100.0, "percent_statements_covered_display": "100"}, "missing_lines": [], "excluded_lines": [], "start_line": 1}}}, "src/homelab_gitops/drivers/base.py": {"executed_lines": [3, 4, 7, 10, 11, 25, 26], "summary": {"covered_lines": 7, "num_statements": 9, "percent_covered": 77.77777777777777, "percent_covered_display": "78", "missing_lines": 2, "excluded_lines": 0, "percent_statements_covered": 77.77777777777777, "percent_statements_covered_display": "78"}, "missing_lines": [23, 35], "excluded_lines": [], "functions": {"Driver.execute": {"executed_lines": [], "summary": {"covered_lines": 0, "num_statements": 1, "percent_covered": 0.0, "percent_covered_display": "0", "missing_lines": 1, "excluded_lines": 0, "percent_statements_covered": 0.0, "percent_statements_covered_display": "0"}, "missing_lines": [23], "excluded_lines": [], "start_line": 11}, "Driver.validate": {"executed_lines": [], "summary": {"covered_lines": 0, "num_statements": 1, "percent_covered": 0.0, "percent_covered_display": "0", "missing_lines": 1, "excluded_lines": 0, "percent_statements_covered": 0.0, "percent_statements_covered_display": "0"}, "missing_lines": [35], "excluded_lines": [], "start_line": 26}, "": {"executed_lines": [3, 4, 7, 10, 11, 25, 26], "summary": {"covered_lines": 7, "num_statements": 7, "percent_covered": 100.0, "percent_covered_display": "100", "missing_lines": 0, "excluded_lines": 0, "percent_statements_covered": 100.0, "percent_statements_covered_display": "100"}, "missing_lines": [], "excluded_lines": [], "start_line": 1}}, "classes": {"Driver": {"executed_lines": [], "summary": {"covered_lines": 0, "num_statements": 2, "percent_covered": 0.0, "percent_covered_display": "0", "missing_lines": 2, "excluded_lines": 0, "percent_statements_covered": 0.0, "percent_statements_covered_display": "0"}, "missing_lines": [23, 35], "excluded_lines": [], "start_line": 7}, "": {"executed_lines": [3, 4, 7, 10, 11, 25, 26], "summary": {"covered_lines": 7, "num_statements": 7, "percent_covered": 100.0, "percent_covered_display": "100", "missing_lines": 0, "excluded_lines": 0, "percent_statements_covered": 100.0, "percent_statements_covered_display": "100"}, "missing_lines": [], "excluded_lines": [], "start_line": 1}}}, "src/homelab_gitops/drivers/exceptions.py": {"executed_lines": [4, 6, 9, 11, 14, 16, 19, 21], "summary": {"covered_lines": 8, "num_statements": 8, "percent_covered": 100.0, "percent_covered_display": "100", "missing_lines": 0, "excluded_lines": 0, "percent_statements_covered": 100.0, "percent_statements_covered_display": "100"}, "missing_lines": [], "excluded_lines": [], "functions": {"": {"executed_lines": [4, 6, 9, 11, 14, 16, 19, 21], "summary": {"covered_lines": 8, "num_statements": 8, "percent_covered": 100.0, "percent_covered_display": "100", "missing_lines": 0, "excluded_lines": 0, "percent_statements_covered": 100.0, "percent_statements_covered_display": "100"}, "missing_lines": [], "excluded_lines": [], "start_line": 1}}, "classes": {"DriverError": {"executed_lines": [], "summary": {"covered_lines": 0, "num_statements": 0, "percent_covered": 100.0, "percent_covered_display": "100", "missing_lines": 0, "excluded_lines": 0, "percent_statements_covered": 100.0, "percent_statements_covered_display": "100"}, "missing_lines": [], "excluded_lines": [], "start_line": 4}, "PrerequisiteError": {"executed_lines": [], "summary": {"covered_lines": 0, "num_statements": 0, "percent_covered": 100.0, "percent_covered_display": "100", "missing_lines": 0, "excluded_lines": 0, "percent_statements_covered": 100.0, "percent_statements_covered_display": "100"}, "missing_lines": [], "excluded_lines": [], "start_line": 9}, "ExecutionError": {"executed_lines": [], "summary": {"covered_lines": 0, "num_statements": 0, "percent_covered": 100.0, "percent_covered_display": "100", "missing_lines": 0, "excluded_lines": 0, "percent_statements_covered": 100.0, "percent_statements_covered_display": "100"}, "missing_lines": [], "excluded_lines": [], "start_line": 14}, "TimeoutError": {"executed_lines": [], "summary": {"covered_lines": 0, "num_statements": 0, "percent_covered": 100.0, "percent_covered_display": "100", "missing_lines": 0, "excluded_lines": 0, "percent_statements_covered": 100.0, "percent_statements_covered_display": "100"}, "missing_lines": [], "excluded_lines": [], "start_line": 19}, "": {"executed_lines": [4, 6, 9, 11, 14, 16, 19, 21], "summary": {"covered_lines": 8, "num_statements": 8, "percent_covered": 100.0, "percent_covered_display": "100", "missing_lines": 0, "excluded_lines": 0, "percent_statements_covered": 100.0, "percent_statements_covered_display": "100"}, "missing_lines": [], "excluded_lines": [], "start_line": 1}}}, "src/homelab_gitops/drivers/migration_driver.py": {"executed_lines": [3, 4, 5, 6, 7, 8, 9, 10, 11, 12, 15, 18, 26, 35, 66, 76, 87], "summary": {"covered_lines": 17, "num_statements": 77, "percent_covered": 22.07792207792208, "percent_covered_display": "22", "missing_lines": 60, "excluded_lines": 0, "percent_statements_covered": 22.07792207792208, "percent_statements_covered_display": "22"}, "missing_lines": [22, 23, 24, 29, 30, 31, 33, 37, 38, 40, 41, 42, 43, 44, 45, 46, 47, 48, 49, 50, 51, 53, 55, 61, 62, 63, 64, 68, 72, 73, 74, 78, 79, 80, 81, 82, 83, 84, 85, 89, 90, 91, 93, 94, 96, 97, 98, 100, 101, 103, 105, 111, 116, 117, 118, 120, 121, 122, 123, 125], "excluded_lines": [], "functions": {"MigrationDriver.__init__": {"executed_lines": [], "summary": {"covered_lines": 0, "num_statements": 3
[...]
_lines": [], "start_line": 266}, "OPNsenseDriver._handle_response": {"executed_lines": [279, 281, 282], "summary": {"covered_lines": 3, "num_statements": 6, "percent_covered": 50.0, "percent_covered_display": "50", "missing_lines": 3, "excluded_lines": 0, "percent_statements_covered": 50.0, "percent_statements_covered_display": "50"}, "missing_lines": [280, 283, 284], "excluded_lines": [], "start_line": 277}, "OPNsenseDriver._validate_rule_name": {"executed_lines": [], "summary": {"covered_lines": 0, "num_statements": 2, "percent_covered": 0.0, "percent_covered_display": "0", "missing_lines": 2, "excluded_lines": 0, "percent_statements_covered": 0.0, "percent_statements_covered_display": "0"}, "missing_lines": [288, 289], "excluded_lines": [], "start_line": 287}, "OPNsenseDriver._validate_cidr": {"executed_lines": [], "summary": {"covered_lines": 0, "num_statements": 4, "percent_covered": 0.0, "percent_covered_display": "0", "missing_lines": 4, "excluded_lines": 0, "percent_statements_covered": 0.0, "percent_statements_covered_display": "0"}, "missing_lines": [292, 296, 297, 298], "excluded_lines": [], "start_line": 291}, "OPNsenseDriver._validate_protocol": {"executed_lines": [], "summary": {"covered_lines": 0, "num_statements": 2, "percent_covered": 0.0, "percent_covered_display": "0", "missing_lines": 2, "excluded_lines": 0, "percent_statements_covered": 0.0, "percent_statements_covered_display": "0"}, "missing_lines": [301, 302], "excluded_lines": [], "start_line": 300}, "OPNsenseDriver._validate_action": {"executed_lines": [], "summary": {"covered_lines": 0, "num_statements": 2, "percent_covered": 0.0, "percent_covered_display": "0", "missing_lines": 2, "excluded_lines": 0, "percent_statements_covered": 0.0, "percent_statements_covered_display": "0"}, "missing_lines": [305, 306], "excluded_lines": [], "start_line": 304}, "OPNsenseDriver._validate_port": {"executed_lines": [], "summary": {"covered_lines": 0, "num_statements": 2, "percent_covered": 0.0, "percent_covered_display": "0", "missing_lines": 2, "excluded_lines": 0, "percent_statements_covered": 0.0, "percent_statements_covered_display": "0"}, "missing_lines": [309, 310], "excluded_lines": [], "start_line": 308}, "": {"executed_lines": [3, 4, 5, 6, 7, 8, 9, 10, 13, 16, 17, 19, 28, 53, 83, 142, 168, 207, 256, 266, 277, 287, 291, 300, 304, 308], "summary": {"covered_lines": 26, "num_statements": 26, "percent_covered": 100.0, "percent_covered_display": "100", "missing_lines": 0, "excluded_lines": 0, "percent_statements_covered": 100.0, "percent_statements_covered_display": "100"}, "missing_lines": [], "excluded_lines": [], "start_line": 1}}, "classes": {"OPNsenseDriver": {"executed_lines": [21, 22, 23, 25, 26, 30, 35, 37, 43, 44, 45, 49, 50, 55, 58, 59, 61, 62, 63, 73, 74, 170, 171, 172, 173, 175, 177, 179, 182, 188, 189, 192, 268, 275, 279, 281, 282], "summary": {"covered_lines": 37, "num_statements": 154, "percent_covered": 24.025974025974026, "percent_covered_display": "24", "missing_lines": 117, "excluded_lines": 0, "percent_statements_covered": 24.025974025974026, "percent_statements_covered_display": "24"}, "missing_lines": [31, 46, 51, 64, 65, 66, 67, 68, 69, 71, 80, 81, 85, 87, 88, 91, 92, 95, 96, 97, 98, 99, 100, 101, 107, 109, 110, 111, 112, 115, 116, 117, 119, 120, 122, 125, 132, 135, 137, 140, 144, 145, 146, 148, 149, 150, 151, 152, 154, 155, 156, 157, 158, 160, 161, 162, 163, 166, 176, 178, 180, 190, 194, 195, 196, 197, 198, 200, 201, 202, 205, 209, 210, 211, 212, 213, 214, 215, 217, 218, 219, 220, 221, 223, 230, 231, 232, 235, 236, 238, 240, 242, 243, 244, 245, 246, 248, 249, 250, 253, 258, 264, 280, 283, 284, 288, 289, 292, 296, 297, 298, 301, 302, 305, 306, 309, 310], "excluded_lines": [], "start_line": 13}, "": {"executed_lines": [3, 4, 5, 6, 7, 8, 9, 10, 13, 16, 17, 19, 28, 53, 83, 142, 168, 207, 256, 266, 277, 287, 291, 300, 304, 308], "summary": {"covered_lines": 26, "num_statements": 26, "percent_covered": 100.0, "percent_covered_display": "100", "missing_lines": 0, "excluded_lines": 0, "percent_statements_covered": 100.0, "percent_statements_covered_display": "100"}, "missing_lines": [], "excluded_lines": [], "start_line": 1}}}, "src/homelab_gitops/drivers/secrets_driver.py": {"executed_lines": [3, 4, 5, 6, 7, 8, 9, 10, 11, 14, 17, 23, 24, 26, 29, 34, 36, 42, 45, 48, 50, 51, 52, 55, 57, 89, 127, 129, 132, 135, 136, 137, 141, 146, 149, 150, 152, 153, 154, 156, 162, 163, 191, 194, 197, 200, 203, 205, 211, 215, 216, 217, 218, 220, 221, 223, 224, 226], "summary": {"covered_lines": 58, "num_statements": 111, "percent_covered": 52.252252252252255, "percent_covered_display": "52", "missing_lines": 53, "excluded_lines": 0, "percent_statements_covered": 52.252252252252255, "percent_statements_covered_display": "52"}, "missing_lines": [32, 49, 53, 67, 69, 70, 71, 72, 73, 75, 77, 78, 84, 85, 86, 87, 97, 98, 100, 102, 104, 110, 112, 119, 124, 125, 130, 138, 142, 166, 167, 168, 174, 175, 178, 179, 181, 182, 183, 184, 186, 187, 188, 189, 195, 198, 201, 212, 219, 228, 229, 230, 231], "excluded_lines": [], "functions": {"SecretsDriver.__init__": {"executed_lines": [23, 24], "summary": {"covered_lines": 2, "num_statements": 2, "percent_covered": 100.0, "percent_covered_display": "100", "missing_lines": 0, "excluded_lines": 0, "percent_statements_covered": 100.0, "percent_statements_covered_display": "100"}, "missing_lines": [], "excluded_lines": [], "start_line": 17}, "SecretsDriver.validate": {"executed_lines": [29, 34, 36, 42, 45, 48, 50, 51, 52, 55], "summary": {"covered_lines": 10, "num_statements": 13, "percent_covered": 76.92307692307692, "percent_covered_display": "77", "missing_lines": 3, "excluded_lines": 0, "percent_statements_covered": 76.92307692307692, "percent_statements_covered_display": "77"}, "missing_lines": [32, 49, 53], "excluded_lines": [], "start_line": 26}, "SecretsDriver.execute": {"executed_lines": [], "summary": {"covered_lines": 0, "num_statements": 13, "percent_covered": 0.0, "percent_covered_display": "0", "missing_lines": 13, "excluded_lines": 0, "percent_statements_covered": 0.0, "percent_statements_covered_display": "0"}, "missing_lines": [67, 69, 70, 71, 72, 73, 75, 77, 78, 84, 85, 86, 87], "excluded_lines": [], "start_line": 57}, "SecretsDriver.store_secret": {"executed_lines": [], "summary": {"covered_lines": 0, "num_statements": 10, "percent_covered": 0.0, "percent_covered_display": "0", "missing_lines": 10, "excluded_lines": 0, "percent_statements_covered": 0.0, "percent_statements_covered_display": "0"}, "missing_lines": [97, 98, 100, 102, 104, 110, 112, 119, 124, 125], "excluded_lines": [], "start_line": 89}, "SecretsDriver._get_secret": {"executed_lines": [129, 132, 135, 136, 137, 141, 146, 149, 150, 152, 153, 154, 156, 162, 163], "summary": {"covered_lines": 15, "num_statements": 33, "percent_covered": 45.45454545454545, "percent_covered_display": "45", "missing_lines": 18, "excluded_lines": 0, "percent_statements_covered": 45.45454545454545, "percent_statements_covered_display": "45"}, "missing_lines": [130, 138, 142, 166, 167, 168, 174, 175, 178, 179, 181, 182, 183, 184, 186, 187, 188, 189], "excluded_lines": [], "start_line": 127}, "SecretsDriver._resolve_file": {"executed_lines": [194, 197, 200, 203, 205, 211, 215, 216, 217, 218, 220, 221, 223, 224, 226], "summary": {"covered_lines": 15, "num_statements": 24, "percent_covered": 62.5, "percent_covered_display": "62", "missing_lines": 9, "excluded_lines": 0, "percent_statements_covered": 62.5, "percent_statements_covered_display": "62"}, "missing_lines": [195, 198, 201, 212, 219, 228, 229, 230, 231], "excluded_lines": [], "start_line": 191}, "": {"executed_lines": [3, 4, 5, 6, 7, 8, 9, 10, 11, 14, 17, 26, 57, 89, 127, 191], "summary": {"covered_lines": 16, "num_statements": 16, "percent_covered": 100.0, "percent_covered_display": "100", "missing_lines": 0, "excluded_lines": 0, "percent_statements_covered": 100.0, "percent_statements_covered_display": "100"}, "missing_lines": [], "excluded_lines": [], "start_line": 1}}, "classes": {"SecretsDriver": {"executed_lines": [23, 24, 29, 34, 36, 42, 45, 48, 50, 51, 52, 55, 129, 132, 135, 136, 137, 141, 146, 149, 150, 152, 153, 154, 156, 162, 163, 194, 197, 200, 203, 205, 211, 215, 216, 217, 218, 220, 221, 223, 224, 226], "summary": {"covered_lines": 42, "num_statements": 95, "percent_covered": 44.21052631578947, "percent_covered_display": "44", "missing_lines": 53, "excluded_lines": 0, "percent_statements_covered": 44.21052631578947, "percent_statements_covered_display": "44"}, "missing_lines": [32, 49, 53, 67, 69, 70, 71, 72, 73, 75, 77, 78, 84, 85, 86, 87, 97, 98, 100, 102, 104, 110, 112, 119, 124, 125, 130, 138, 142, 166, 167, 168, 174, 175, 178, 179, 181, 182, 183, 184, 186, 187, 188, 189, 195, 198, 201, 212, 219, 228, 229, 230, 231], "excluded_lines": [], "start_line": 14}, "": {"executed_lines": [3, 4, 5, 6, 7, 8, 9, 10, 11, 14, 17, 26, 57, 89, 127, 191], "summary": {"covered_lines": 16, "num_statements": 16, "percent_covered": 100.0, "percent_covered_display": "100", "missing_lines": 0, "excluded_lines": 0, "percent_statements_covered": 100.0, "percent_statements_covered_display": "100"}, "missing_lines": [], "excluded_lines": [], "start_line": 1}}}, "src/homelab_gitops/drivers/technitium_driver.py": {"executed_lines": [3, 4, 5, 6, 7, 8, 9, 12, 15, 17, 18, 19, 21, 23, 28, 30, 35, 38, 39, 43, 47, 49, 52, 54, 55, 63, 64, 65, 73, 74, 85, 98, 100, 103, 111, 112, 120, 133, 135, 136, 139, 142, 149, 150, 154, 155, 157, 159, 160, 161, 166, 167, 172], "summary": {"covered_lines": 53, "num_statements": 103, "percent_covered": 51.45631067961165, "percent_covered_display": "51", "missing_lines": 50, "excluded_lines": 0, "percent_statements_covered": 51.45631067961165, "percent_statements_covered_display": "51"}, "missing_lines": [24, 36, 40, 44, 45, 56, 57, 58, 59, 61, 66, 67, 68, 69, 71, 80, 81, 82, 83, 87, 89, 90, 91, 92, 93, 94, 96, 105, 106, 107, 108, 109, 113, 114, 115, 116, 118, 122, 124, 125, 126, 127, 128, 129, 131, 151, 162, 168, 173, 174], "excluded_lines": [], "functions": {"TechnitiumDriver.__init__": {"executed_lines": [17, 18, 19], "summary": {"covered_lines": 3, "num_statements": 3, "percent_covered": 100.0, "percent_covered_display": "100", "missing_lines": 0, "excluded_lines": 0, "percent_statements_covered": 100.0, "percent_statements_covered_display": "100"}, "missing_lines": [], "excluded_lines": [], "start_line": 15}, "TechnitiumDriver.validate": {"executed_lines": [23, 28, 30, 35, 38, 39, 43], "summary": {"covered_lines": 7, "num_statements": 12, "percent_covered": 58.333333333333336, "percent_covered_display": "58", "missing_lines": 5, "excluded_lines": 0, "percent_statements_covered": 58.333333333333336, "percent_statements_covered_display": "58"}, "missing_lines": [24, 36, 40, 44, 45], "excluded_lines": [], "start_line": 21}, "TechnitiumDriver.execute": {"executed_lines": [49, 52, 54, 55, 63, 64, 65, 73, 74], "summary": {"covered_lines": 9, "num_statements": 23, "percent_covered": 39.130434782608695, "percent_covered_display": "39", "missing_lines": 14, "excluded_lines": 0, "percent_statements_covered": 39.130434782608695, "percent_statements_covered_display": "39"}, "missing_lines": [56, 57, 58, 59, 61, 66, 67, 68, 69, 71, 80, 81, 82, 83], "excluded_lines": [], "start_line": 47}, "TechnitiumDriver._handle_dhcp": {"executed_lines": [], "summary": {"covered_lines": 0, "num_statements": 8, "percent_covered": 0.0, "percent_covered_display": "0", "missing_lines": 8, "excluded_lines": 0, "percent_statements_covered": 0.0, "percent_statements_covered_display": "0"}, "missing_lines": [87, 89, 90, 91, 92, 93, 94, 96], "excluded_lines": [], "start_line": 85}, "TechnitiumDriver._handle_record": {"executed_lines": [100, 103, 111, 112], "summary": {"covered_lines": 4, "num_statements": 14, "percent_covered": 28.571428571428573, "percent_covered_display": "29", "missing_lines": 10, "excluded_lines": 0, "percent_statements_covered": 28.571428571428573, "percent_statements_covered_display": "29"}, "missing_lines": [105, 106, 107, 108, 109, 113, 114, 115, 116, 118], "excluded_lines": [], "start_line": 98}, "TechnitiumDriver._handle_zone": {"executed_lines": [], "summary": {"covered_lines": 0, "num_statements": 8, "percent_covered": 0.0, "percent_covered_display": "0", "missing_lines": 8, "excluded_lines": 0, "percent_statements_covered": 0.0, "percent_statements_covered_display": "0"}, "missing_lines": [122, 124, 125, 126, 127, 128, 129, 131], "excluded_lines": [], "start_line": 120}, "TechnitiumDriver._api_call": {"executed_lines": [135, 136, 139, 142, 149, 150, 154, 155, 157, 159, 160, 161, 166, 167, 172], "summary": {"covered_lines": 15, "num_statements": 20, "percent_covered": 75.0, "percent_covered_display": "75", "missing_lines": 5, "excluded_lines": 0, "percent_statements_covered": 75.0, "percent_statements_covered_display": "75"}, "missing_lines": [151, 162, 168, 173, 174], "excluded_lines": [], "start_line": 133}, "": {"executed_lines": [3, 4, 5, 6, 7, 8, 9, 12, 15, 21, 47, 85, 98, 120, 133], "summary": {"covered_lines": 15, "num_statements": 15, "percent_covered": 100.0, "percent_covered_display": "100", "missing_lines": 0, "excluded_lines": 0, "percent_statements_covered": 100.0, "percent_statements_covered_display": "100"}, "missing_lines": [], "excluded_lines": [], "start_line": 1}}, "classes": {"TechnitiumDriver": {"executed_lines": [17, 18, 19, 23, 28, 30, 35, 38, 39, 43, 49, 52, 54, 55, 63, 64, 65, 73, 74, 100, 103, 111, 112, 135, 136, 139, 142, 149, 150, 154, 155, 157, 159, 160, 161, 166, 167, 172], "summary": {"covered_lines": 38, "num_statements": 88, "percent_covered": 43.18181818181818, "percent_covered_display": "43", "missing_lines": 50, "excluded_lines": 0, "percent_statements_covered": 43.18181818181818, "percent_statements_covered_display": "43"}, "missing_lines": [24, 36, 40, 44, 45, 56, 57, 58, 59, 61, 66, 67, 68, 69, 71, 80, 81, 82, 83, 87, 89, 90, 91, 92, 93, 94, 96, 105, 106, 107, 108, 109, 113, 114, 115, 116, 118, 122, 124, 125, 126, 127, 128, 129, 131, 151, 162, 168, 173, 174], "excluded_lines": [], "start_line": 12}, "": {"executed_lines": [3, 4, 5, 6, 7, 8, 9, 12, 15, 21, 47, 85, 98, 120, 133], "summary": {"covered_lines": 15, "num_statements": 15, "percent_covered": 100.0, "percent_covered_display": "100", "missing_lines": 0, "excluded_lines": 0, "percent_statements_covered": 100.0, "percent_statements_covered_display": "100"}, "missing_lines": [], "excluded_lines": [], "start_line": 1}}}, "src/homelab_gitops/drivers/tofu_driver.py": {"executed_lines": [3, 4, 5, 6, 7, 10, 13, 15, 16, 18, 20, 22, 24], "summary": {"covered_lines": 13, "num_statements": 19, "percent_covered": 68.42105263157895, "percent_covered_display": "68", "missing_lines": 6, "excluded_lines": 0, "percent_statements_covered": 68.42105263157895, "percent_statements_covered_display": "68"}, "missing_lines": [21, 26, 28, 29, 32, 33], "excluded_lines": [], "functions": {"TofuDriver.__init__": {"executed_lines": [15, 16], "summary": {"covered_lines": 2, "num_statements": 2, "percent_covered": 100.0, "percent_covered_display": "100", "missing_lines": 0, "excluded_lines": 0, "percent_statements_covered": 100.0, "percent_statements_covered_display": "100"}, "missing_lines": [], "excluded_lines": [], "start_line": 13}, "TofuDriver.validate": {"executed_lines": [20, 22], "summary": {"covered_lines": 2, "num_statements": 3, "percent_covered": 66.66666666666667, "percent_covered_display": "67", "missing_lines": 1, "excluded_lines": 0, "percent_statements_covered": 66.66666666666667, "percent_statements_covered_display": "67"}, "missing_lines": [21], "excluded_lines": [], "start_line": 18}, "TofuDriver.execute": {"executed_lines": [], "summary": {"covered_lines": 0, "num_statements": 5, "percent_covered": 0.0, "percent_covered_display": "0", "missing_lines": 5, "excluded_lines": 0, "percent_statements_covered": 0.0, "percent_statements_covered_display": "0"}, "missing_lines": [26, 28, 29, 32, 33], "excluded_lines": [], "start_line": 24}, "": {"executed_lines": [3, 4, 5, 6, 7, 10, 13, 18, 24], "summary": {"covered_lines": 9, "num_statements": 9, "percent_covered": 100.0, "percent_covered_display": "100", "missing_lines": 0, "excluded_lines": 0, "percent_statements_covered": 100.0, "percent_statements_covered_display": "100"}, "missing_lines": [], "excluded_lines": [], "start_line": 1}}, "classes": {"TofuDriver": {"executed_lines": [15, 16, 20, 22], "summary": {"covered_lines": 4, "num_statements": 10, "percent_covered": 40.0, "percent_covered_display": "40", "missing_lines": 6, "excluded_lines": 0, "percent_statements_covered": 40.0, "percent_statements_covered_display": "40"}, "missing_lines": [21, 26, 28, 29, 32, 33], "excluded_lines": [], "start_line": 10}, "": {"executed_lines": [3, 4, 5, 6, 7, 10, 13, 18, 24], "summary": {"covered_lines": 9, "num_statements": 9, "percent_covered": 100.0, "percent_covered_display": "100", "missing_lines": 0, "excluded_lines": 0, "percent_statements_covered": 100.0, "percent_statements_covered_display": "100"}, "missing_lines": [], "excluded_lines": [], "start_line": 1}}}, "src/homelab_gitops/drivers/vcenter_driver.py": {"executed_lines": [3, 4, 5, 6, 7, 8, 11, 14, 16, 18, 20, 25, 26, 27, 29, 31, 33, 34], "summary": {"covered_lines": 18, "num_statements": 18, "percent_covered": 100.0, "percent_covered_display": "100", "missing_lines": 0, "excluded_lines": 0, "percent_statements_covered": 100.0, "percent_statements_covered_display": "100"}, "missing_lines": [], "excluded_lines": [], "functions": {"vCenterDriver.__init__": {"executed_lines": [16], "summary": {"covered_lines": 1, "num_statements": 1, "percent_covered": 100.0, "percent_covered_display": "100", "missing_lines": 0, "excluded_lines": 0, "percent_statements_covered": 100.0, "percent_statements_covered_display": "100"}, "missing_lines": [], "excluded_lines": [], "start_line": 14}, "vCenterDriver.validate": {"executed_lines": [20, 25, 26, 27], "summary": {"covered_lines": 4, "num_statements": 4, "percent_covered": 100.0, "percent_covered_display": "100", "missing_lines": 0, "excluded_lines": 0, "percent_statements_covered": 100.0, "percent_statements_covered_display": "100"}, "missing_lines": [], "excluded_lines": [], "start_line": 18}, "vCenterDriver.execute": {"executed_lines": [31, 33, 34], "summary": {"covered_lines": 3, "num_statements": 3, "percent_covered": 100.0, "percent_covered_display": "100", "missing_lines": 0, "excluded_lines": 0, "percent_statements_covered": 100.0, "percent_statements_covered_display": "100"}, "missing_lines": [], "excluded_lines": [], "start_line": 29}, "": {"executed_lines": [3, 4, 5, 6, 7, 8, 11, 14, 18, 29], "summary": {"covered_lines": 10, "num_statements": 10, "percent_covered": 100.0, "percent_covered_display": "100", "missing_lines": 0, "excluded_lines": 0, "percent_statements_covered": 100.0, "percent_statements_covered_display": "100"}, "missing_lines": [], "excluded_lines": [], "start_line": 1}}, "classes": {"vCenterDriver": {"executed_lines": [16, 20, 25, 26, 27, 31, 33, 34], "summary": {"covered_lines": 8, "num_statements": 8, "percent_covered": 100.0, "percent_covered_display": "100", "missing_lines": 0, "excluded_lines": 0, "percent_statements_covered": 100.0, "percent_statements_covered_display": "100"}, "missing_lines": [], "excluded_lines": [], "start_line": 11}, "": {"executed_lines": [3, 4, 5, 6, 7, 8, 11, 14, 18, 29], "summary": {"covered_lines": 10, "num_statements": 10, "percent_covered": 100.0, "percent_covered_display": "100", "missing_lines": 0, "excluded_lines": 0, "percent_statements_covered": 100.0, "percent_statements_covered_display": "100"}, "missing_lines": [], "excluded_lines": [], "start_line": 1}}}}, "totals": {"covered_lines": 609, "num_statements": 1467, "percent_covered": 41.513292433537835, "percent_covered_display": "42", "missing_lines": 858, "excluded_lines": 4, "percent_statements_covered": 41.513292433537835, "percent_statements_covered_display": "42"}}